/Users/danitruc/bumperbot_ws/install/bumperbot_py_examples/lib/python3.11/site-packages/bumperbot_py_examples/__init__.py
/Users/danitruc/bumperbot_ws/install/bumperbot_py_examples/lib/python3.11/site-packages/bumperbot_py_examples/simple_subscriber.py
/Users/danitruc/bumperbot_ws/install/bumperbot_py_examples/lib/python3.11/site-packages/bumperbot_py_examples/simple_publisher.py
/Users/danitruc/bumperbot_ws/install/bumperbot_py_examples/lib/python3.11/site-packages/bumperbot_py_examples/simple_parameter.py
/Users/danitruc/bumperbot_ws/install/bumperbot_py_examples/lib/python3.11/site-packages/bumperbot_py_examples/simple_turtlesim_kinematics.py
/Users/danitruc/bumperbot_ws/install/bumperbot_py_examples/lib/python3.11/site-packages/bumperbot_py_examples/__pycache__/__init__.cpython-311.pyc
/Users/danitruc/bumperbot_ws/install/bumperbot_py_examples/lib/python3.11/site-packages/bumperbot_py_examples/__pycache__/simple_subscriber.cpython-311.pyc
/Users/danitruc/bumperbot_ws/install/bumperbot_py_examples/lib/python3.11/site-packages/bumperbot_py_examples/__pycache__/simple_publisher.cpython-311.pyc
/Users/danitruc/bumperbot_ws/install/bumperbot_py_examples/lib/python3.11/site-packages/bumperbot_py_examples/__pycache__/simple_parameter.cpython-311.pyc
/Users/danitruc/bumperbot_ws/install/bumperbot_py_examples/lib/python3.11/site-packages/bumperbot_py_examples/__pycache__/simple_turtlesim_kinematics.cpython-311.pyc
/Users/danitruc/bumperbot_ws/install/bumperbot_py_examples/share/ament_index/resource_index/packages/bumperbot_py_examples
/Users/danitruc/bumperbot_ws/install/bumperbot_py_examples/share/bumperbot_py_examples/package.xml
/Users/danitruc/bumperbot_ws/install/bumperbot_py_examples/lib/python3.11/site-packages/bumperbot_py_examples-0.0.0-py3.11.egg-info/PKG-INFO
/Users/danitruc/bumperbot_ws/install/bumperbot_py_examples/lib/python3.11/site-packages/bumperbot_py_examples-0.0.0-py3.11.egg-info/zip-safe
/Users/danitruc/bumperbot_ws/install/bumperbot_py_examples/lib/python3.11/site-packages/bumperbot_py_examples-0.0.0-py3.11.egg-info/SOURCES.txt
/Users/danitruc/bumperbot_ws/install/bumperbot_py_examples/lib/python3.11/site-packages/bumperbot_py_examples-0.0.0-py3.11.egg-info/entry_points.txt
/Users/danitruc/bumperbot_ws/install/bumperbot_py_examples/lib/python3.11/site-packages/bumperbot_py_examples-0.0.0-py3.11.egg-info/requires.txt
/Users/danitruc/bumperbot_ws/install/bumperbot_py_examples/lib/python3.11/site-packages/bumperbot_py_examples-0.0.0-py3.11.egg-info/top_level.txt
/Users/danitruc/bumperbot_ws/install/bumperbot_py_examples/lib/python3.11/site-packages/bumperbot_py_examples-0.0.0-py3.11.egg-info/dependency_links.txt
/Users/danitruc/bumperbot_ws/install/bumperbot_py_examples/lib/bumperbot_py_examples/simple_parameter
/Users/danitruc/bumperbot_ws/install/bumperbot_py_examples/lib/bumperbot_py_examples/simple_publisher
/Users/danitruc/bumperbot_ws/install/bumperbot_py_examples/lib/bumperbot_py_examples/simple_subscriber
/Users/danitruc/bumperbot_ws/install/bumperbot_py_examples/lib/bumperbot_py_examples/simple_turtlesim_kinematics
