[0.600s] [34mcolcon[0m [1;30mDEBUG[0m [32mCommand line arguments: ['/Users/danitruc/miniforge3/envs/ros2_env/bin/colcon', 'build', '--packages-select', 'bumperbot_controller'][0m
[0.600s] [34mcolcon[0m [1;30mDEBUG[0m [32mParsed command line arguments: Namespace(log_base=None, log_level=None, verb_name='build', build_base='build', install_base='install', merge_install=False, symlink_install=False, test_result_base=None, continue_on_error=False, executor='parallel', parallel_workers=8, event_handlers=None, ignore_user_meta=False, metas=['./colcon.meta'], base_paths=['.'], packages_ignore=None, packages_ignore_regex=None, paths=None, packages_up_to=None, packages_up_to_regex=None, packages_above=None, packages_above_and_dependencies=None, packages_above_depth=None, packages_select_by_dep=None, packages_skip_by_dep=None, packages_skip_up_to=None, packages_select_build_failed=False, packages_skip_build_finished=False, packages_select_test_failures=False, packages_skip_test_passed=False, packages_select=['bumperbot_controller'], packages_skip=None, packages_select_regex=None, packages_skip_regex=None, packages_start=None, packages_end=None, cmake_args=None, cmake_target=None, cmake_target_skip_unavailable=False, cmake_clean_cache=False, cmake_clean_first=False, cmake_force_configure=False, ament_cmake_args=None, catkin_cmake_args=None, catkin_skip_building_tests=False, verb_parser=<colcon_defaults.argument_parser.defaults.DefaultArgumentsDecorator object at 0x105bcb450>, verb_extension=<colcon_core.verb.build.BuildVerb object at 0x105bca4d0>, main=<bound method BuildVerb.main of <colcon_core.verb.build.BuildVerb object at 0x105bca4d0>>)[0m
[0.671s] [34mcolcon.colcon_core.package_discovery[0m [1;30mLevel 1[0m discover_packages(colcon_meta) check parameters
[0.671s] [34mcolcon.colcon_core.package_discovery[0m [1;30mLevel 1[0m discover_packages(recursive) check parameters
[0.671s] [34mcolcon.colcon_core.package_discovery[0m [1;30mLevel 1[0m discover_packages(ignore) check parameters
[0.671s] [34mcolcon.colcon_core.package_discovery[0m [1;30mLevel 1[0m discover_packages(path) check parameters
[0.671s] [34mcolcon.colcon_core.package_discovery[0m [1;30mLevel 1[0m discover_packages(colcon_meta) discover
[0.671s] [34mcolcon.colcon_core.package_discovery[0m [1;30mLevel 1[0m discover_packages(recursive) discover
[0.671s] [34mcolcon.colcon_core.package_discovery[0m [1;30mINFO[0m Crawling recursively for packages in '/Users/danitruc/bumperbot_ws'
[0.671s] [34mcolcon.colcon_core.package_identification[0m [1;30mLevel 1[0m _identify(.) by extensions ['ignore', 'ignore_ament_install']
[0.671s] [34mcolcon.colcon_core.package_identification[0m [1;30mLevel 1[0m _identify(.) by extension 'ignore'
[0.671s] [34mcolcon.colcon_core.package_identification[0m [1;30mLevel 1[0m _identify(.) by extension 'ignore_ament_install'
[0.671s] [34mcolcon.colcon_core.package_identification[0m [1;30mLevel 1[0m _identify(.) by extensions ['colcon_pkg']
[0.671s] [34mcolcon.colcon_core.package_identification[0m [1;30mLevel 1[0m _identify(.) by extension 'colcon_pkg'
[0.672s] [34mcolcon.colcon_core.package_identification[0m [1;30mLevel 1[0m _identify(.) by extensions ['colcon_meta']
[0.672s] [34mcolcon.colcon_core.package_identification[0m [1;30mLevel 1[0m _identify(.) by extension 'colcon_meta'
[0.672s] [34mcolcon.colcon_core.package_identification[0m [1;30mLevel 1[0m _identify(.) by extensions ['ros']
[0.672s] [34mcolcon.colcon_core.package_identification[0m [1;30mLevel 1[0m _identify(.) by extension 'ros'
[0.740s] [34mcolcon.colcon_core.package_identification[0m [1;30mLevel 1[0m _identify(.) by extensions ['cmake', 'python']
[0.740s] [34mcolcon.colcon_core.package_identification[0m [1;30mLevel 1[0m _identify(.) by extension 'cmake'
[0.740s] [34mcolcon.colcon_core.package_identification[0m [1;30mLevel 1[0m _identify(.) by extension 'python'
[0.740s] [34mcolcon.colcon_core.package_identification[0m [1;30mLevel 1[0m _identify(.) by extensions ['python_setup_py']
[0.740s] [34mcolcon.colcon_core.package_identification[0m [1;30mLevel 1[0m _identify(.) by extension 'python_setup_py'
[0.741s] [34mcolcon.colcon_core.package_identification[0m [1;30mLevel 1[0m _identify(build) by extensions ['ignore', 'ignore_ament_install']
[0.741s] [34mcolcon.colcon_core.package_identification[0m [1;30mLevel 1[0m _identify(build) by extension 'ignore'
[0.741s] [34mcolcon.colcon_core.package_identification[0m [1;30mLevel 1[0m _identify(build) ignored
[0.741s] [34mcolcon.colcon_core.package_identification[0m [1;30mLevel 1[0m _identify(install) by extensions ['ignore', 'ignore_ament_install']
[0.741s] [34mcolcon.colcon_core.package_identification[0m [1;30mLevel 1[0m _identify(install) by extension 'ignore'
[0.741s] [34mcolcon.colcon_core.package_identification[0m [1;30mLevel 1[0m _identify(install) ignored
[0.741s] [34mcolcon.colcon_core.package_identification[0m [1;30mLevel 1[0m _identify(log) by extensions ['ignore', 'ignore_ament_install']
[0.741s] [34mcolcon.colcon_core.package_identification[0m [1;30mLevel 1[0m _identify(log) by extension 'ignore'
[0.741s] [34mcolcon.colcon_core.package_identification[0m [1;30mLevel 1[0m _identify(log) ignored
[0.741s] [34mcolcon.colcon_core.package_identification[0m [1;30mLevel 1[0m _identify(src) by extensions ['ignore', 'ignore_ament_install']
[0.741s] [34mcolcon.colcon_core.package_identification[0m [1;30mLevel 1[0m _identify(src) by extension 'ignore'
[0.741s] [34mcolcon.colcon_core.package_identification[0m [1;30mLevel 1[0m _identify(src) by extension 'ignore_ament_install'
[0.741s] [34mcolcon.colcon_core.package_identification[0m [1;30mLevel 1[0m _identify(src) by extensions ['colcon_pkg']
[0.741s] [34mcolcon.colcon_core.package_identification[0m [1;30mLevel 1[0m _identify(src) by extension 'colcon_pkg'
[0.741s] [34mcolcon.colcon_core.package_identification[0m [1;30mLevel 1[0m _identify(src) by extensions ['colcon_meta']
[0.741s] [34mcolcon.colcon_core.package_identification[0m [1;30mLevel 1[0m _identify(src) by extension 'colcon_meta'
[0.741s] [34mcolcon.colcon_core.package_identification[0m [1;30mLevel 1[0m _identify(src) by extensions ['ros']
[0.741s] [34mcolcon.colcon_core.package_identification[0m [1;30mLevel 1[0m _identify(src) by extension 'ros'
[0.741s] [34mcolcon.colcon_core.package_identification[0m [1;30mLevel 1[0m _identify(src) by extensions ['cmake', 'python']
[0.741s] [34mcolcon.colcon_core.package_identification[0m [1;30mLevel 1[0m _identify(src) by extension 'cmake'
[0.742s] [34mcolcon.colcon_core.package_identification[0m [1;30mLevel 1[0m _identify(src) by extension 'python'
[0.742s] [34mcolcon.colcon_core.package_identification[0m [1;30mLevel 1[0m _identify(src) by extensions ['python_setup_py']
[0.742s] [34mcolcon.colcon_core.package_identification[0m [1;30mLevel 1[0m _identify(src) by extension 'python_setup_py'
[0.742s] [34mcolcon.colcon_core.package_identification[0m [1;30mLevel 1[0m _identify(src/bumperbot_controller) by extensions ['ignore', 'ignore_ament_install']
[0.742s] [34mcolcon.colcon_core.package_identification[0m [1;30mLevel 1[0m _identify(src/bumperbot_controller) by extension 'ignore'
[0.742s] [34mcolcon.colcon_core.package_identification[0m [1;30mLevel 1[0m _identify(src/bumperbot_controller) by extension 'ignore_ament_install'
[0.742s] [34mcolcon.colcon_core.package_identification[0m [1;30mLevel 1[0m _identify(src/bumperbot_controller) by extensions ['colcon_pkg']
[0.742s] [34mcolcon.colcon_core.package_identification[0m [1;30mLevel 1[0m _identify(src/bumperbot_controller) by extension 'colcon_pkg'
[0.742s] [34mcolcon.colcon_core.package_identification[0m [1;30mLevel 1[0m _identify(src/bumperbot_controller) by extensions ['colcon_meta']
[0.742s] [34mcolcon.colcon_core.package_identification[0m [1;30mLevel 1[0m _identify(src/bumperbot_controller) by extension 'colcon_meta'
[0.742s] [34mcolcon.colcon_core.package_identification[0m [1;30mLevel 1[0m _identify(src/bumperbot_controller) by extensions ['ros']
[0.742s] [34mcolcon.colcon_core.package_identification[0m [1;30mLevel 1[0m _identify(src/bumperbot_controller) by extension 'ros'
[0.746s] [34mcolcon.colcon_core.package_identification[0m [1;30mDEBUG[0m [32mPackage 'src/bumperbot_controller' with type 'ros.ament_cmake' and name 'bumperbot_controller'[0m
[0.746s] [34mcolcon.colcon_core.package_identification[0m [1;30mLevel 1[0m _identify(src/bumperbot_cpp_examples) by extensions ['ignore', 'ignore_ament_install']
[0.746s] [34mcolcon.colcon_core.package_identification[0m [1;30mLevel 1[0m _identify(src/bumperbot_cpp_examples) by extension 'ignore'
[0.746s] [34mcolcon.colcon_core.package_identification[0m [1;30mLevel 1[0m _identify(src/bumperbot_cpp_examples) by extension 'ignore_ament_install'
[0.746s] [34mcolcon.colcon_core.package_identification[0m [1;30mLevel 1[0m _identify(src/bumperbot_cpp_examples) by extensions ['colcon_pkg']
[0.747s] [34mcolcon.colcon_core.package_identification[0m [1;30mLevel 1[0m _identify(src/bumperbot_cpp_examples) by extension 'colcon_pkg'
[0.747s] [34mcolcon.colcon_core.package_identification[0m [1;30mLevel 1[0m _identify(src/bumperbot_cpp_examples) by extensions ['colcon_meta']
[0.747s] [34mcolcon.colcon_core.package_identification[0m [1;30mLevel 1[0m _identify(src/bumperbot_cpp_examples) by extension 'colcon_meta'
[0.747s] [34mcolcon.colcon_core.package_identification[0m [1;30mLevel 1[0m _identify(src/bumperbot_cpp_examples) by extensions ['ros']
[0.747s] [34mcolcon.colcon_core.package_identification[0m [1;30mLevel 1[0m _identify(src/bumperbot_cpp_examples) by extension 'ros'
[0.747s] [34mcolcon.colcon_core.package_identification[0m [1;30mDEBUG[0m [32mPackage 'src/bumperbot_cpp_examples' with type 'ros.ament_cmake' and name 'bumperbot_cpp_examples'[0m
[0.748s] [34mcolcon.colcon_core.package_identification[0m [1;30mLevel 1[0m _identify(src/bumperbot_description) by extensions ['ignore', 'ignore_ament_install']
[0.748s] [34mcolcon.colcon_core.package_identification[0m [1;30mLevel 1[0m _identify(src/bumperbot_description) by extension 'ignore'
[0.748s] [34mcolcon.colcon_core.package_identification[0m [1;30mLevel 1[0m _identify(src/bumperbot_description) by extension 'ignore_ament_install'
[0.748s] [34mcolcon.colcon_core.package_identification[0m [1;30mLevel 1[0m _identify(src/bumperbot_description) by extensions ['colcon_pkg']
[0.748s] [34mcolcon.colcon_core.package_identification[0m [1;30mLevel 1[0m _identify(src/bumperbot_description) by extension 'colcon_pkg'
[0.748s] [34mcolcon.colcon_core.package_identification[0m [1;30mLevel 1[0m _identify(src/bumperbot_description) by extensions ['colcon_meta']
[0.748s] [34mcolcon.colcon_core.package_identification[0m [1;30mLevel 1[0m _identify(src/bumperbot_description) by extension 'colcon_meta'
[0.748s] [34mcolcon.colcon_core.package_identification[0m [1;30mLevel 1[0m _identify(src/bumperbot_description) by extensions ['ros']
[0.748s] [34mcolcon.colcon_core.package_identification[0m [1;30mLevel 1[0m _identify(src/bumperbot_description) by extension 'ros'
[0.749s] [34mcolcon.colcon_core.package_identification[0m [1;30mDEBUG[0m [32mPackage 'src/bumperbot_description' with type 'ros.ament_cmake' and name 'bumperbot_description'[0m
[0.749s] [34mcolcon.colcon_core.package_identification[0m [1;30mLevel 1[0m _identify(src/bumperbot_py_examples) by extensions ['ignore', 'ignore_ament_install']
[0.749s] [34mcolcon.colcon_core.package_identification[0m [1;30mLevel 1[0m _identify(src/bumperbot_py_examples) by extension 'ignore'
[0.750s] [34mcolcon.colcon_core.package_identification[0m [1;30mLevel 1[0m _identify(src/bumperbot_py_examples) by extension 'ignore_ament_install'
[0.750s] [34mcolcon.colcon_core.package_identification[0m [1;30mLevel 1[0m _identify(src/bumperbot_py_examples) by extensions ['colcon_pkg']
[0.750s] [34mcolcon.colcon_core.package_identification[0m [1;30mLevel 1[0m _identify(src/bumperbot_py_examples) by extension 'colcon_pkg'
[0.750s] [34mcolcon.colcon_core.package_identification[0m [1;30mLevel 1[0m _identify(src/bumperbot_py_examples) by extensions ['colcon_meta']
[0.750s] [34mcolcon.colcon_core.package_identification[0m [1;30mLevel 1[0m _identify(src/bumperbot_py_examples) by extension 'colcon_meta'
[0.750s] [34mcolcon.colcon_core.package_identification[0m [1;30mLevel 1[0m _identify(src/bumperbot_py_examples) by extensions ['ros']
[0.750s] [34mcolcon.colcon_core.package_identification[0m [1;30mLevel 1[0m _identify(src/bumperbot_py_examples) by extension 'ros'
[0.751s] [34mcolcon.colcon_core.package_identification[0m [1;30mDEBUG[0m [32mPackage 'src/bumperbot_py_examples' with type 'ros.ament_python' and name 'bumperbot_py_examples'[0m
[0.751s] [34mcolcon.colcon_core.package_discovery[0m [1;30mLevel 1[0m discover_packages(recursive) using defaults
[0.751s] [34mcolcon.colcon_core.package_discovery[0m [1;30mLevel 1[0m discover_packages(ignore) discover
[0.751s] [34mcolcon.colcon_core.package_discovery[0m [1;30mLevel 1[0m discover_packages(ignore) using defaults
[0.751s] [34mcolcon.colcon_core.package_discovery[0m [1;30mLevel 1[0m discover_packages(path) discover
[0.751s] [34mcolcon.colcon_core.package_discovery[0m [1;30mLevel 1[0m discover_packages(path) using defaults
[0.779s] [34mcolcon.colcon_core.package_selection[0m [1;30mINFO[0m Skipping not selected package 'bumperbot_cpp_examples' in 'src/bumperbot_cpp_examples'
[0.779s] [34mcolcon.colcon_core.package_selection[0m [1;30mINFO[0m Skipping not selected package 'bumperbot_description' in 'src/bumperbot_description'
[0.779s] [34mcolcon.colcon_core.package_selection[0m [1;30mINFO[0m Skipping not selected package 'bumperbot_py_examples' in 'src/bumperbot_py_examples'
[0.780s] [34mcolcon.colcon_core.verb[0m [1;30mLevel 5[0m set package 'bumperbot_controller' build argument 'cmake_args' from command line to 'None'
[0.780s] [34mcolcon.colcon_core.verb[0m [1;30mLevel 5[0m set package 'bumperbot_controller' build argument 'cmake_target' from command line to 'None'
[0.780s] [34mcolcon.colcon_core.verb[0m [1;30mLevel 5[0m set package 'bumperbot_controller' build argument 'cmake_target_skip_unavailable' from command line to 'False'
[0.780s] [34mcolcon.colcon_core.verb[0m [1;30mLevel 5[0m set package 'bumperbot_controller' build argument 'cmake_clean_cache' from command line to 'False'
[0.780s] [34mcolcon.colcon_core.verb[0m [1;30mLevel 5[0m set package 'bumperbot_controller' build argument 'cmake_clean_first' from command line to 'False'
[0.780s] [34mcolcon.colcon_core.verb[0m [1;30mLevel 5[0m set package 'bumperbot_controller' build argument 'cmake_force_configure' from command line to 'False'
[0.780s] [34mcolcon.colcon_core.verb[0m [1;30mLevel 5[0m set package 'bumperbot_controller' build argument 'ament_cmake_args' from command line to 'None'
[0.780s] [34mcolcon.colcon_core.verb[0m [1;30mLevel 5[0m set package 'bumperbot_controller' build argument 'catkin_cmake_args' from command line to 'None'
[0.780s] [34mcolcon.colcon_core.verb[0m [1;30mLevel 5[0m set package 'bumperbot_controller' build argument 'catkin_skip_building_tests' from command line to 'False'
[0.780s] [34mcolcon.colcon_core.verb[0m [1;30mDEBUG[0m [32mBuilding package 'bumperbot_controller' with the following arguments: {'ament_cmake_args': None, 'build_base': '/Users/danitruc/bumperbot_ws/build/bumperbot_controller', 'catkin_cmake_args': None, 'catkin_skip_building_tests': False, 'cmake_args': None, 'cmake_clean_cache': False, 'cmake_clean_first': False, 'cmake_force_configure': False, 'cmake_target': None, 'cmake_target_skip_unavailable': False, 'install_base': '/Users/danitruc/bumperbot_ws/install/bumperbot_controller', 'merge_install': False, 'path': '/Users/danitruc/bumperbot_ws/src/bumperbot_controller', 'symlink_install': False, 'test_result_base': None}[0m
[0.780s] [34mcolcon.colcon_core.executor[0m [1;30mINFO[0m Executing jobs using 'parallel' executor
[0.781s] [34mcolcon.colcon_parallel_executor.executor.parallel[0m [1;30mDEBUG[0m [32mrun_until_complete[0m
[0.781s] [34mcolcon.colcon_ros.task.ament_cmake.build[0m [1;30mINFO[0m Building ROS package in '/Users/danitruc/bumperbot_ws/src/bumperbot_controller' with build type 'ament_cmake'
[0.781s] [34mcolcon.colcon_cmake.task.cmake.build[0m [1;30mINFO[0m Building CMake package in '/Users/danitruc/bumperbot_ws/src/bumperbot_controller'
[0.784s] [34mcolcon.colcon_core.plugin_system[0m [1;30mINFO[0m Skipping extension 'colcon_core.shell.bat': Not used on non-Windows systems
[0.784s] [34mcolcon.colcon_core.shell[0m [1;30mINFO[0m Skip shell extension 'powershell' for command environment: Not usable outside of PowerShell
[0.784s] [34mcolcon.colcon_core.shell[0m [1;30mDEBUG[0m [32mSkip shell extension 'dsv' for command environment[0m
[0.821s] [34mcolcon.colcon_core.event_handler.log_command[0m [1;30mDEBUG[0m [32mInvoking command in '/Users/danitruc/bumperbot_ws/build/bumperbot_controller': CMAKE_PREFIX_PATH=${CMAKE_PREFIX_PATH}:/Users/danitruc/bumperbot_ws/install/bumperbot_py_examples SHLVL=2 _=/Users/danitruc/miniforge3/envs/ros2_env/bin/env __CF_USER_TEXT_ENCODING=0x1F5:0x0:0x0 /Users/danitruc/miniforge3/envs/ros2_env/bin/cmake --build /Users/danitruc/bumperbot_ws/build/bumperbot_controller -- -j8 -l8[0m
[1.758s] [34mcolcon.colcon_core.event_handler.log_command[0m [1;30mDEBUG[0m [32mInvoked command in '/Users/danitruc/bumperbot_ws/build/bumperbot_controller' returned '0': CMAKE_PREFIX_PATH=${CMAKE_PREFIX_PATH}:/Users/danitruc/bumperbot_ws/install/bumperbot_py_examples SHLVL=2 _=/Users/danitruc/miniforge3/envs/ros2_env/bin/env __CF_USER_TEXT_ENCODING=0x1F5:0x0:0x0 /Users/danitruc/miniforge3/envs/ros2_env/bin/cmake --build /Users/danitruc/bumperbot_ws/build/bumperbot_controller -- -j8 -l8[0m
[1.850s] [34mcolcon.colcon_core.event_handler.log_command[0m [1;30mDEBUG[0m [32mInvoking command in '/Users/danitruc/bumperbot_ws/build/bumperbot_controller': CMAKE_PREFIX_PATH=${CMAKE_PREFIX_PATH}:/Users/danitruc/bumperbot_ws/install/bumperbot_py_examples SHLVL=2 _=/Users/danitruc/miniforge3/envs/ros2_env/bin/env __CF_USER_TEXT_ENCODING=0x1F5:0x0:0x0 /Users/danitruc/miniforge3/envs/ros2_env/bin/cmake --install /Users/danitruc/bumperbot_ws/build/bumperbot_controller[0m
[1.948s] [34mcolcon.colcon_core.environment[0m [1;30mLevel 1[0m create_environment_scripts_only(bumperbot_controller)
[1.949s] [34mcolcon.colcon_core.event_handler.log_command[0m [1;30mDEBUG[0m [32mInvoked command in '/Users/danitruc/bumperbot_ws/build/bumperbot_controller' returned '0': CMAKE_PREFIX_PATH=${CMAKE_PREFIX_PATH}:/Users/danitruc/bumperbot_ws/install/bumperbot_py_examples SHLVL=2 _=/Users/danitruc/miniforge3/envs/ros2_env/bin/env __CF_USER_TEXT_ENCODING=0x1F5:0x0:0x0 /Users/danitruc/miniforge3/envs/ros2_env/bin/cmake --install /Users/danitruc/bumperbot_ws/build/bumperbot_controller[0m
[1.952s] [34mcolcon.colcon_core.environment[0m [1;30mLevel 1[0m checking '/Users/danitruc/bumperbot_ws/install/bumperbot_controller' for CMake module files
[1.953s] [34mcolcon.colcon_core.environment[0m [1;30mLevel 1[0m checking '/Users/danitruc/bumperbot_ws/install/bumperbot_controller' for CMake config files
[1.953s] [34mcolcon.colcon_core.shell[0m [1;30mLevel 1[0m create_environment_hook('bumperbot_controller', 'cmake_prefix_path')
[1.954s] [34mcolcon.colcon_core.shell[0m [1;30mINFO[0m Creating environment hook '/Users/danitruc/bumperbot_ws/install/bumperbot_controller/share/bumperbot_controller/hook/cmake_prefix_path.ps1'
[1.954s] [34mcolcon.colcon_core.shell[0m [1;30mINFO[0m Creating environment descriptor '/Users/danitruc/bumperbot_ws/install/bumperbot_controller/share/bumperbot_controller/hook/cmake_prefix_path.dsv'
[1.955s] [34mcolcon.colcon_core.shell[0m [1;30mINFO[0m Creating environment hook '/Users/danitruc/bumperbot_ws/install/bumperbot_controller/share/bumperbot_controller/hook/cmake_prefix_path.sh'
[1.956s] [34mcolcon.colcon_core.environment[0m [1;30mLevel 1[0m checking '/Users/danitruc/bumperbot_ws/install/bumperbot_controller/lib'
[1.956s] [34mcolcon.colcon_core.environment[0m [1;30mLevel 1[0m checking '/Users/danitruc/bumperbot_ws/install/bumperbot_controller/bin'
[1.956s] [34mcolcon.colcon_core.environment[0m [1;30mLevel 1[0m checking '/Users/danitruc/bumperbot_ws/install/bumperbot_controller/lib/pkgconfig/bumperbot_controller.pc'
[1.956s] [34mcolcon.colcon_core.environment[0m [1;30mLevel 1[0m checking '/Users/danitruc/bumperbot_ws/install/bumperbot_controller/lib/python3.11/site-packages'
[1.956s] [34mcolcon.colcon_core.environment[0m [1;30mLevel 1[0m checking '/Users/danitruc/bumperbot_ws/install/bumperbot_controller/bin'
[1.957s] [34mcolcon.colcon_core.shell[0m [1;30mINFO[0m Creating package script '/Users/danitruc/bumperbot_ws/install/bumperbot_controller/share/bumperbot_controller/package.ps1'
[1.958s] [34mcolcon.colcon_core.shell[0m [1;30mINFO[0m Creating package descriptor '/Users/danitruc/bumperbot_ws/install/bumperbot_controller/share/bumperbot_controller/package.dsv'
[1.958s] [34mcolcon.colcon_core.shell[0m [1;30mINFO[0m Creating package script '/Users/danitruc/bumperbot_ws/install/bumperbot_controller/share/bumperbot_controller/package.sh'
[1.958s] [34mcolcon.colcon_core.shell[0m [1;30mINFO[0m Creating package script '/Users/danitruc/bumperbot_ws/install/bumperbot_controller/share/bumperbot_controller/package.bash'
[1.959s] [34mcolcon.colcon_core.shell[0m [1;30mINFO[0m Creating package script '/Users/danitruc/bumperbot_ws/install/bumperbot_controller/share/bumperbot_controller/package.zsh'
[1.960s] [34mcolcon.colcon_core.environment[0m [1;30mLevel 1[0m create_file_with_runtime_dependencies(/Users/danitruc/bumperbot_ws/install/bumperbot_controller/share/colcon-core/packages/bumperbot_controller)
[2.032s] [34mcolcon.colcon_core.environment[0m [1;30mLevel 1[0m create_environment_scripts_only(bumperbot_controller)
[2.033s] [34mcolcon.colcon_core.environment[0m [1;30mLevel 1[0m checking '/Users/danitruc/bumperbot_ws/install/bumperbot_controller' for CMake module files
[2.033s] [34mcolcon.colcon_core.environment[0m [1;30mLevel 1[0m checking '/Users/danitruc/bumperbot_ws/install/bumperbot_controller' for CMake config files
[2.033s] [34mcolcon.colcon_core.shell[0m [1;30mLevel 1[0m create_environment_hook('bumperbot_controller', 'cmake_prefix_path')
[2.034s] [34mcolcon.colcon_core.shell[0m [1;30mINFO[0m Creating environment hook '/Users/danitruc/bumperbot_ws/install/bumperbot_controller/share/bumperbot_controller/hook/cmake_prefix_path.ps1'
[2.034s] [34mcolcon.colcon_core.shell[0m [1;30mINFO[0m Creating environment descriptor '/Users/danitruc/bumperbot_ws/install/bumperbot_controller/share/bumperbot_controller/hook/cmake_prefix_path.dsv'
[2.034s] [34mcolcon.colcon_core.shell[0m [1;30mINFO[0m Creating environment hook '/Users/danitruc/bumperbot_ws/install/bumperbot_controller/share/bumperbot_controller/hook/cmake_prefix_path.sh'
[2.035s] [34mcolcon.colcon_core.environment[0m [1;30mLevel 1[0m checking '/Users/danitruc/bumperbot_ws/install/bumperbot_controller/lib'
[2.035s] [34mcolcon.colcon_core.environment[0m [1;30mLevel 1[0m checking '/Users/danitruc/bumperbot_ws/install/bumperbot_controller/bin'
[2.035s] [34mcolcon.colcon_core.environment[0m [1;30mLevel 1[0m checking '/Users/danitruc/bumperbot_ws/install/bumperbot_controller/lib/pkgconfig/bumperbot_controller.pc'
[2.035s] [34mcolcon.colcon_core.environment[0m [1;30mLevel 1[0m checking '/Users/danitruc/bumperbot_ws/install/bumperbot_controller/lib/python3.11/site-packages'
[2.035s] [34mcolcon.colcon_core.environment[0m [1;30mLevel 1[0m checking '/Users/danitruc/bumperbot_ws/install/bumperbot_controller/bin'
[2.035s] [34mcolcon.colcon_core.shell[0m [1;30mINFO[0m Creating package script '/Users/danitruc/bumperbot_ws/install/bumperbot_controller/share/bumperbot_controller/package.ps1'
[2.036s] [34mcolcon.colcon_core.shell[0m [1;30mINFO[0m Creating package descriptor '/Users/danitruc/bumperbot_ws/install/bumperbot_controller/share/bumperbot_controller/package.dsv'
[2.036s] [34mcolcon.colcon_core.shell[0m [1;30mINFO[0m Creating package script '/Users/danitruc/bumperbot_ws/install/bumperbot_controller/share/bumperbot_controller/package.sh'
[2.036s] [34mcolcon.colcon_core.shell[0m [1;30mINFO[0m Creating package script '/Users/danitruc/bumperbot_ws/install/bumperbot_controller/share/bumperbot_controller/package.bash'
[2.037s] [34mcolcon.colcon_core.shell[0m [1;30mINFO[0m Creating package script '/Users/danitruc/bumperbot_ws/install/bumperbot_controller/share/bumperbot_controller/package.zsh'
[2.037s] [34mcolcon.colcon_core.environment[0m [1;30mLevel 1[0m create_file_with_runtime_dependencies(/Users/danitruc/bumperbot_ws/install/bumperbot_controller/share/colcon-core/packages/bumperbot_controller)
[2.037s] [34mcolcon.colcon_parallel_executor.executor.parallel[0m [1;30mDEBUG[0m [32mclosing loop[0m
[2.037s] [34mcolcon.colcon_parallel_executor.executor.parallel[0m [1;30mDEBUG[0m [32mloop closed[0m
[2.037s] [34mcolcon.colcon_parallel_executor.executor.parallel[0m [1;30mDEBUG[0m [32mrun_until_complete finished with '0'[0m
[2.038s] [34mcolcon.colcon_core.event_reactor[0m [1;30mDEBUG[0m [32mjoining thread[0m
[2.038s] [34mcolcon.colcon_core.event_reactor[0m [1;30mDEBUG[0m [32mjoined thread[0m
[2.038s] [34mcolcon.colcon_core.shell[0m [1;30mINFO[0m Creating prefix script '/Users/danitruc/bumperbot_ws/install/local_setup.ps1'
[2.039s] [34mcolcon.colcon_core.shell[0m [1;30mINFO[0m Creating prefix util module '/Users/danitruc/bumperbot_ws/install/_local_setup_util_ps1.py'
[2.040s] [34mcolcon.colcon_core.shell[0m [1;30mINFO[0m Creating prefix chain script '/Users/danitruc/bumperbot_ws/install/setup.ps1'
[2.041s] [34mcolcon.colcon_core.shell[0m [1;30mINFO[0m Creating prefix script '/Users/danitruc/bumperbot_ws/install/local_setup.sh'
[2.042s] [34mcolcon.colcon_core.shell[0m [1;30mINFO[0m Creating prefix util module '/Users/danitruc/bumperbot_ws/install/_local_setup_util_sh.py'
[2.042s] [34mcolcon.colcon_core.shell[0m [1;30mINFO[0m Creating prefix chain script '/Users/danitruc/bumperbot_ws/install/setup.sh'
[2.044s] [34mcolcon.colcon_core.shell[0m [1;30mINFO[0m Creating prefix script '/Users/danitruc/bumperbot_ws/install/local_setup.bash'
[2.044s] [34mcolcon.colcon_core.shell[0m [1;30mINFO[0m Creating prefix chain script '/Users/danitruc/bumperbot_ws/install/setup.bash'
[2.045s] [34mcolcon.colcon_core.shell[0m [1;30mINFO[0m Creating prefix script '/Users/danitruc/bumperbot_ws/install/local_setup.zsh'
[2.046s] [34mcolcon.colcon_core.shell[0m [1;30mINFO[0m Creating prefix chain script '/Users/danitruc/bumperbot_ws/install/setup.zsh'
