[0.034s] Invoking command in '/Users/danitruc/bumperbot_ws/build/bumperbot_cpp_examples': SHLVL=2 _=/Users/danitruc/miniforge3/envs/ros2_env/bin/env __CF_USER_TEXT_ENCODING=0x1F5:0x0:0x0 /Users/danitruc/miniforge3/envs/ros2_env/bin/cmake /Users/danitruc/bumperbot_ws/src/bumperbot_cpp_examples -DAMENT_CMAKE_SYMLINK_INSTALL=1 -DCMAKE_INSTALL_PREFIX=/Users/danitruc/bumperbot_ws/install/bumperbot_cpp_examples
[0.670s] -- The C compiler identification is Clang 16.0.6
[0.810s] -- The CXX compiler identification is Clang 16.0.6
[0.867s] -- Detecting C compiler ABI info
[1.243s] -- Detecting C compiler ABI info - done
[1.253s] -- Check for working C compiler: /Users/danitruc/miniforge3/envs/ros2_env/bin/arm64-apple-darwin20.0.0-clang - skipped
[1.254s] -- Detecting C compile features
[1.255s] -- Detecting C compile features - done
[1.321s] -- Detecting CXX compiler ABI info
[1.657s] -- Detecting CXX compiler ABI info - done
[1.666s] -- Check for working CXX compiler: /Users/danitruc/miniforge3/envs/ros2_env/bin/arm64-apple-darwin20.0.0-clang++ - skipped
[1.666s] -- Detecting CXX compile features
[1.667s] -- Detecting CXX compile features - done
[1.694s] -- Found ament_cmake: 1.3.7 (/Users/danitruc/miniforge3/envs/ros2_env/share/ament_cmake/cmake)
[2.954s] -- Found Python3: /opt/homebrew/Frameworks/Python.framework/Versions/3.12/bin/python3.12 (found version "3.12.5") found components: Interpreter 
[3.066s] -- Override CMake install command with custom implementation using symlinks instead of copying resources
[3.372s] -- Found rclcpp: 16.0.8 (/Users/danitruc/miniforge3/envs/ros2_env/share/rclcpp/cmake)
[3.634s] -- Found rosidl_generator_c: 3.1.5 (/Users/danitruc/miniforge3/envs/ros2_env/share/rosidl_generator_c/cmake)
[3.686s] -- Found rosidl_adapter: 3.1.5 (/Users/danitruc/miniforge3/envs/ros2_env/share/rosidl_adapter/cmake)
[3.736s] -- Found rosidl_generator_cpp: 3.1.5 (/Users/danitruc/miniforge3/envs/ros2_env/share/rosidl_generator_cpp/cmake)
[3.803s] -- Using all available rosidl_typesupport_c: rosidl_typesupport_fastrtps_c;rosidl_typesupport_introspection_c
[3.897s] -- Using all available rosidl_typesupport_cpp: rosidl_typesupport_fastrtps_cpp;rosidl_typesupport_introspection_cpp
[4.195s] -- Checking for module 'yaml-0.1'
[4.342s] --   Found yaml-0.1, version 0.2.5
[4.821s] -- Found rmw_implementation_cmake: 6.1.1 (/Users/danitruc/miniforge3/envs/ros2_env/share/rmw_implementation_cmake/cmake)
[4.844s] -- Found rmw_cyclonedds_cpp: 1.3.4 (/Users/danitruc/miniforge3/envs/ros2_env/share/rmw_cyclonedds_cpp/cmake)
[4.965s] -- Using RMW implementation 'rmw_cyclonedds_cpp' as default
[5.017s] -- Performing Test CMAKE_HAVE_LIBC_PTHREAD
[5.248s] -- Performing Test CMAKE_HAVE_LIBC_PTHREAD - Success
[5.249s] -- Found Threads: TRUE  
[5.446s] -- Found std_msgs: 4.2.3 (/Users/danitruc/miniforge3/envs/ros2_env/share/std_msgs/cmake)
[5.502s] -- Found ament_lint_auto: 0.12.10 (/Users/danitruc/miniforge3/envs/ros2_env/share/ament_lint_auto/cmake)
[5.681s] -- Added test 'cppcheck' to perform static code analysis on C / C++ code
[5.681s] -- Configured cppcheck include dirs: 
[5.681s] -- Configured cppcheck exclude dirs and/or files: 
[5.682s] -- Added test 'lint_cmake' to check CMake code style
[5.684s] -- Added test 'uncrustify' to check C / C++ code style
[5.684s] -- Configured uncrustify additional arguments: 
[5.685s] -- Added test 'xmllint' to check XML markup files
[5.687s] -- Configuring done (5.6s)
[5.728s] -- Generating done (0.0s)
[5.732s] -- Build files have been written to: /Users/danitruc/bumperbot_ws/build/bumperbot_cpp_examples
[5.736s] Invoked command in '/Users/danitruc/bumperbot_ws/build/bumperbot_cpp_examples' returned '0': SHLVL=2 _=/Users/danitruc/miniforge3/envs/ros2_env/bin/env __CF_USER_TEXT_ENCODING=0x1F5:0x0:0x0 /Users/danitruc/miniforge3/envs/ros2_env/bin/cmake /Users/danitruc/bumperbot_ws/src/bumperbot_cpp_examples -DAMENT_CMAKE_SYMLINK_INSTALL=1 -DCMAKE_INSTALL_PREFIX=/Users/danitruc/bumperbot_ws/install/bumperbot_cpp_examples
[5.739s] Invoking command in '/Users/danitruc/bumperbot_ws/build/bumperbot_cpp_examples': SHLVL=2 _=/Users/danitruc/miniforge3/envs/ros2_env/bin/env __CF_USER_TEXT_ENCODING=0x1F5:0x0:0x0 /Users/danitruc/miniforge3/envs/ros2_env/bin/cmake --build /Users/danitruc/bumperbot_ws/build/bumperbot_cpp_examples -- -j8 -l8
[5.851s] [ 50%] Building CXX object CMakeFiles/simple_publisher.dir/src/simple_publisher.cpp.o
[9.476s] [100%] Linking CXX executable simple_publisher
[9.572s] [100%] Built target simple_publisher
[9.589s] Invoked command in '/Users/danitruc/bumperbot_ws/build/bumperbot_cpp_examples' returned '0': SHLVL=2 _=/Users/danitruc/miniforge3/envs/ros2_env/bin/env __CF_USER_TEXT_ENCODING=0x1F5:0x0:0x0 /Users/danitruc/miniforge3/envs/ros2_env/bin/cmake --build /Users/danitruc/bumperbot_ws/build/bumperbot_cpp_examples -- -j8 -l8
[9.676s] Invoking command in '/Users/danitruc/bumperbot_ws/build/bumperbot_cpp_examples': SHLVL=2 _=/Users/danitruc/miniforge3/envs/ros2_env/bin/env __CF_USER_TEXT_ENCODING=0x1F5:0x0:0x0 /Users/danitruc/miniforge3/envs/ros2_env/bin/cmake --install /Users/danitruc/bumperbot_ws/build/bumperbot_cpp_examples
[9.690s] -- Install configuration: ""
[9.691s] -- Execute custom install script
[9.691s] -- Symlinking: /Users/danitruc/bumperbot_ws/install/bumperbot_cpp_examples/lib/bumperbot_cpp_examples/simple_publisher
[9.706s] -- Symlinking: /Users/danitruc/bumperbot_ws/install/bumperbot_cpp_examples/share/ament_index/resource_index/package_run_dependencies/bumperbot_cpp_examples
[9.720s] -- Symlinking: /Users/danitruc/bumperbot_ws/install/bumperbot_cpp_examples/share/ament_index/resource_index/parent_prefix_path/bumperbot_cpp_examples
[9.734s] -- Symlinking: /Users/danitruc/bumperbot_ws/install/bumperbot_cpp_examples/share/bumperbot_cpp_examples/environment/ament_prefix_path.sh
[9.749s] -- Symlinking: /Users/danitruc/bumperbot_ws/install/bumperbot_cpp_examples/share/bumperbot_cpp_examples/environment/ament_prefix_path.dsv
[9.763s] -- Symlinking: /Users/danitruc/bumperbot_ws/install/bumperbot_cpp_examples/share/bumperbot_cpp_examples/environment/path.sh
[9.777s] -- Symlinking: /Users/danitruc/bumperbot_ws/install/bumperbot_cpp_examples/share/bumperbot_cpp_examples/environment/path.dsv
[9.791s] -- Symlinking: /Users/danitruc/bumperbot_ws/install/bumperbot_cpp_examples/share/bumperbot_cpp_examples/local_setup.bash
[9.805s] -- Symlinking: /Users/danitruc/bumperbot_ws/install/bumperbot_cpp_examples/share/bumperbot_cpp_examples/local_setup.sh
[9.819s] -- Symlinking: /Users/danitruc/bumperbot_ws/install/bumperbot_cpp_examples/share/bumperbot_cpp_examples/local_setup.zsh
[9.833s] -- Symlinking: /Users/danitruc/bumperbot_ws/install/bumperbot_cpp_examples/share/bumperbot_cpp_examples/local_setup.dsv
[9.847s] -- Symlinking: /Users/danitruc/bumperbot_ws/install/bumperbot_cpp_examples/share/bumperbot_cpp_examples/package.dsv
[9.862s] -- Symlinking: /Users/danitruc/bumperbot_ws/install/bumperbot_cpp_examples/share/ament_index/resource_index/packages/bumperbot_cpp_examples
[9.876s] -- Symlinking: /Users/danitruc/bumperbot_ws/install/bumperbot_cpp_examples/share/bumperbot_cpp_examples/cmake/bumperbot_cpp_examplesConfig.cmake
[9.891s] -- Symlinking: /Users/danitruc/bumperbot_ws/install/bumperbot_cpp_examples/share/bumperbot_cpp_examples/cmake/bumperbot_cpp_examplesConfig-version.cmake
[9.906s] -- Symlinking: /Users/danitruc/bumperbot_ws/install/bumperbot_cpp_examples/share/bumperbot_cpp_examples/package.xml
[9.921s] Invoked command in '/Users/danitruc/bumperbot_ws/build/bumperbot_cpp_examples' returned '0': SHLVL=2 _=/Users/danitruc/miniforge3/envs/ros2_env/bin/env __CF_USER_TEXT_ENCODING=0x1F5:0x0:0x0 /Users/danitruc/miniforge3/envs/ros2_env/bin/cmake --install /Users/danitruc/bumperbot_ws/build/bumperbot_cpp_examples
