[  0%] Built target ament_cmake_python_symlink_bumperbot_controller
[100%] Built target simple_controller
running egg_info
writing bumperbot_controller.egg-info/PKG-INFO
writing dependency_links to bumperbot_controller.egg-info/dependency_links.txt
writing top-level names to bumperbot_controller.egg-info/top_level.txt
reading manifest file 'bumperbot_controller.egg-info/SOURCES.txt'
writing manifest file 'bumperbot_controller.egg-info/SOURCES.txt'
[100%] Built target ament_cmake_python_build_bumperbot_controller_egg
-- Install configuration: ""
-- Execute custom install script
-- Symlinking: /Users/danitruc/bumperbot_ws/install/bumperbot_controller/share/bumperbot_controller/environment/pythonpath.sh
-- Symlinking: /Users/danitruc/bumperbot_ws/install/bumperbot_controller/share/bumperbot_controller/environment/pythonpath.dsv
-- Symlinking: /Users/danitruc/bumperbot_ws/install/bumperbot_controller/../../../../../opt/homebrew/lib/python3.12/site-packages/bumperbot_controller-0.0.0-py3.12.egg-info/PKG-INFO
-- Symlinking: /Users/danitruc/bumperbot_ws/install/bumperbot_controller/../../../../../opt/homebrew/lib/python3.12/site-packages/bumperbot_controller-0.0.0-py3.12.egg-info/SOURCES.txt
-- Symlinking: /Users/danitruc/bumperbot_ws/install/bumperbot_controller/../../../../../opt/homebrew/lib/python3.12/site-packages/bumperbot_controller-0.0.0-py3.12.egg-info/dependency_links.txt
-- Symlinking: /Users/danitruc/bumperbot_ws/install/bumperbot_controller/../../../../../opt/homebrew/lib/python3.12/site-packages/bumperbot_controller-0.0.0-py3.12.egg-info/top_level.txt
-- Symlinking: /Users/danitruc/bumperbot_ws/install/bumperbot_controller/../../../../../opt/homebrew/lib/python3.12/site-packages/bumperbot_controller/__init__.py
-- Symlinking: /Users/danitruc/bumperbot_ws/install/bumperbot_controller/../../../../../opt/homebrew/lib/python3.12/site-packages/bumperbot_controller/simple_controller.py
-- Symlinking: /Users/danitruc/bumperbot_ws/install/bumperbot_controller/include/include/bumperbot_controller/simple_controller.hpp
-- Symlinking: /Users/danitruc/bumperbot_ws/install/bumperbot_controller/lib/bumperbot_controller/simple_controller
-- Symlinking: /Users/danitruc/bumperbot_ws/install/bumperbot_controller/share/bumperbot_controller/launch/controller.launch.py
-- Symlinking: /Users/danitruc/bumperbot_ws/install/bumperbot_controller/share/bumperbot_controller/launch/joystick_teleop.launch.py
-- Symlinking: /Users/danitruc/bumperbot_ws/install/bumperbot_controller/share/bumperbot_controller/config/bumperbot_controllers.yaml
-- Symlinking: /Users/danitruc/bumperbot_ws/install/bumperbot_controller/share/bumperbot_controller/config/joy_config.yaml
-- Symlinking: /Users/danitruc/bumperbot_ws/install/bumperbot_controller/share/bumperbot_controller/config/joy_teleop.yaml
-- Symlinking: /Users/danitruc/bumperbot_ws/install/bumperbot_controller/share/ament_index/resource_index/package_run_dependencies/bumperbot_controller
-- Symlinking: /Users/danitruc/bumperbot_ws/install/bumperbot_controller/share/ament_index/resource_index/parent_prefix_path/bumperbot_controller
-- Symlinking: /Users/danitruc/bumperbot_ws/install/bumperbot_controller/share/bumperbot_controller/environment/ament_prefix_path.sh
-- Symlinking: /Users/danitruc/bumperbot_ws/install/bumperbot_controller/share/bumperbot_controller/environment/ament_prefix_path.dsv
-- Symlinking: /Users/danitruc/bumperbot_ws/install/bumperbot_controller/share/bumperbot_controller/environment/path.sh
-- Symlinking: /Users/danitruc/bumperbot_ws/install/bumperbot_controller/share/bumperbot_controller/environment/path.dsv
-- Symlinking: /Users/danitruc/bumperbot_ws/install/bumperbot_controller/share/bumperbot_controller/local_setup.bash
-- Symlinking: /Users/danitruc/bumperbot_ws/install/bumperbot_controller/share/bumperbot_controller/local_setup.sh
-- Symlinking: /Users/danitruc/bumperbot_ws/install/bumperbot_controller/share/bumperbot_controller/local_setup.zsh
-- Symlinking: /Users/danitruc/bumperbot_ws/install/bumperbot_controller/share/bumperbot_controller/local_setup.dsv
-- Symlinking: /Users/danitruc/bumperbot_ws/install/bumperbot_controller/share/bumperbot_controller/package.dsv
-- Symlinking: /Users/danitruc/bumperbot_ws/install/bumperbot_controller/share/ament_index/resource_index/packages/bumperbot_controller
-- Symlinking: /Users/danitruc/bumperbot_ws/install/bumperbot_controller/share/bumperbot_controller/cmake/bumperbot_controllerConfig.cmake
-- Symlinking: /Users/danitruc/bumperbot_ws/install/bumperbot_controller/share/bumperbot_controller/cmake/bumperbot_controllerConfig-version.cmake
-- Symlinking: /Users/danitruc/bumperbot_ws/install/bumperbot_controller/share/bumperbot_controller/package.xml
Listing '../../../../../opt/homebrew/lib/python3.12/site-packages/bumperbot_controller'...
Compiling '../../../../../opt/homebrew/lib/python3.12/site-packages/bumperbot_controller/__init__.py'...
Compiling '../../../../../opt/homebrew/lib/python3.12/site-packages/bumperbot_controller/simple_controller.py'...
