[0.024s] Invoking command in '/Users/danitruc/bumperbot_ws/build/bumperbot_controller': SHLVL=2 _=/Users/danitruc/miniforge3/envs/ros2_env/bin/env __CF_USER_TEXT_ENCODING=0x1F5:0x0:0x0 /Users/danitruc/miniforge3/envs/ros2_env/bin/cmake --build /Users/danitruc/bumperbot_ws/build/bumperbot_controller -- -j8 -l8
[0.170s] [  0%] Built target ament_cmake_python_symlink_bumperbot_controller
[0.210s] [100%] Built target simple_controller
[0.448s] running egg_info
[0.464s] writing bumperbot_controller.egg-info/PKG-INFO
[0.465s] writing dependency_links to bumperbot_controller.egg-info/dependency_links.txt
[0.465s] writing top-level names to bumperbot_controller.egg-info/top_level.txt
[0.513s] reading manifest file 'bumperbot_controller.egg-info/SOURCES.txt'
[0.514s] writing manifest file 'bumperbot_controller.egg-info/SOURCES.txt'
[0.546s] [100%] Built target ament_cmake_python_build_bumperbot_controller_egg
[0.562s] Invoked command in '/Users/danitruc/bumperbot_ws/build/bumperbot_controller' returned '0': SHLVL=2 _=/Users/danitruc/miniforge3/envs/ros2_env/bin/env __CF_USER_TEXT_ENCODING=0x1F5:0x0:0x0 /Users/danitruc/miniforge3/envs/ros2_env/bin/cmake --build /Users/danitruc/bumperbot_ws/build/bumperbot_controller -- -j8 -l8
[0.656s] Invoking command in '/Users/danitruc/bumperbot_ws/build/bumperbot_controller': SHLVL=2 _=/Users/danitruc/miniforge3/envs/ros2_env/bin/env __CF_USER_TEXT_ENCODING=0x1F5:0x0:0x0 /Users/danitruc/miniforge3/envs/ros2_env/bin/cmake --install /Users/danitruc/bumperbot_ws/build/bumperbot_controller
[0.670s] -- Install configuration: ""
[0.671s] -- Execute custom install script
[0.671s] -- Symlinking: /Users/danitruc/bumperbot_ws/install/bumperbot_controller/share/bumperbot_controller/environment/pythonpath.sh
[0.685s] -- Symlinking: /Users/danitruc/bumperbot_ws/install/bumperbot_controller/share/bumperbot_controller/environment/pythonpath.dsv
[0.700s] -- Symlinking: /Users/danitruc/bumperbot_ws/install/bumperbot_controller/../../../../../opt/homebrew/lib/python3.12/site-packages/bumperbot_controller-0.0.0-py3.12.egg-info/PKG-INFO
[0.715s] -- Symlinking: /Users/danitruc/bumperbot_ws/install/bumperbot_controller/../../../../../opt/homebrew/lib/python3.12/site-packages/bumperbot_controller-0.0.0-py3.12.egg-info/SOURCES.txt
[0.729s] -- Symlinking: /Users/danitruc/bumperbot_ws/install/bumperbot_controller/../../../../../opt/homebrew/lib/python3.12/site-packages/bumperbot_controller-0.0.0-py3.12.egg-info/dependency_links.txt
[0.743s] -- Symlinking: /Users/danitruc/bumperbot_ws/install/bumperbot_controller/../../../../../opt/homebrew/lib/python3.12/site-packages/bumperbot_controller-0.0.0-py3.12.egg-info/top_level.txt
[0.757s] -- Symlinking: /Users/danitruc/bumperbot_ws/install/bumperbot_controller/../../../../../opt/homebrew/lib/python3.12/site-packages/bumperbot_controller/__init__.py
[0.771s] -- Symlinking: /Users/danitruc/bumperbot_ws/install/bumperbot_controller/../../../../../opt/homebrew/lib/python3.12/site-packages/bumperbot_controller/simple_controller.py
[0.785s] -- Symlinking: /Users/danitruc/bumperbot_ws/install/bumperbot_controller/include/include/bumperbot_controller/simple_controller.hpp
[0.800s] -- Symlinking: /Users/danitruc/bumperbot_ws/install/bumperbot_controller/lib/bumperbot_controller/simple_controller
[0.815s] -- Symlinking: /Users/danitruc/bumperbot_ws/install/bumperbot_controller/share/bumperbot_controller/launch/controller.launch.py
[0.829s] -- Symlinking: /Users/danitruc/bumperbot_ws/install/bumperbot_controller/share/bumperbot_controller/launch/joystick_teleop.launch.py
[0.843s] -- Symlinking: /Users/danitruc/bumperbot_ws/install/bumperbot_controller/share/bumperbot_controller/config/bumperbot_controllers.yaml
[0.857s] -- Symlinking: /Users/danitruc/bumperbot_ws/install/bumperbot_controller/share/bumperbot_controller/config/joy_config.yaml
[0.871s] -- Symlinking: /Users/danitruc/bumperbot_ws/install/bumperbot_controller/share/bumperbot_controller/config/joy_teleop.yaml
[0.886s] -- Symlinking: /Users/danitruc/bumperbot_ws/install/bumperbot_controller/share/ament_index/resource_index/package_run_dependencies/bumperbot_controller
[0.900s] -- Symlinking: /Users/danitruc/bumperbot_ws/install/bumperbot_controller/share/ament_index/resource_index/parent_prefix_path/bumperbot_controller
[0.914s] -- Symlinking: /Users/danitruc/bumperbot_ws/install/bumperbot_controller/share/bumperbot_controller/environment/ament_prefix_path.sh
[0.928s] -- Symlinking: /Users/danitruc/bumperbot_ws/install/bumperbot_controller/share/bumperbot_controller/environment/ament_prefix_path.dsv
[0.942s] -- Symlinking: /Users/danitruc/bumperbot_ws/install/bumperbot_controller/share/bumperbot_controller/environment/path.sh
[0.956s] -- Symlinking: /Users/danitruc/bumperbot_ws/install/bumperbot_controller/share/bumperbot_controller/environment/path.dsv
[0.970s] -- Symlinking: /Users/danitruc/bumperbot_ws/install/bumperbot_controller/share/bumperbot_controller/local_setup.bash
[0.984s] -- Symlinking: /Users/danitruc/bumperbot_ws/install/bumperbot_controller/share/bumperbot_controller/local_setup.sh
[0.998s] -- Symlinking: /Users/danitruc/bumperbot_ws/install/bumperbot_controller/share/bumperbot_controller/local_setup.zsh
[1.012s] -- Symlinking: /Users/danitruc/bumperbot_ws/install/bumperbot_controller/share/bumperbot_controller/local_setup.dsv
[1.026s] -- Symlinking: /Users/danitruc/bumperbot_ws/install/bumperbot_controller/share/bumperbot_controller/package.dsv
[1.040s] -- Symlinking: /Users/danitruc/bumperbot_ws/install/bumperbot_controller/share/ament_index/resource_index/packages/bumperbot_controller
[1.054s] -- Symlinking: /Users/danitruc/bumperbot_ws/install/bumperbot_controller/share/bumperbot_controller/cmake/bumperbot_controllerConfig.cmake
[1.068s] -- Symlinking: /Users/danitruc/bumperbot_ws/install/bumperbot_controller/share/bumperbot_controller/cmake/bumperbot_controllerConfig-version.cmake
[1.082s] -- Symlinking: /Users/danitruc/bumperbot_ws/install/bumperbot_controller/share/bumperbot_controller/package.xml
[1.137s] Listing '../../../../../opt/homebrew/lib/python3.12/site-packages/bumperbot_controller'...
[1.137s] Compiling '../../../../../opt/homebrew/lib/python3.12/site-packages/bumperbot_controller/__init__.py'...
[1.137s] Compiling '../../../../../opt/homebrew/lib/python3.12/site-packages/bumperbot_controller/simple_controller.py'...
[1.142s] Invoked command in '/Users/danitruc/bumperbot_ws/build/bumperbot_controller' returned '0': SHLVL=2 _=/Users/danitruc/miniforge3/envs/ros2_env/bin/env __CF_USER_TEXT_ENCODING=0x1F5:0x0:0x0 /Users/danitruc/miniforge3/envs/ros2_env/bin/cmake --install /Users/danitruc/bumperbot_ws/build/bumperbot_controller
