-- The C compiler identification is Clang 16.0.6
-- The CXX compiler identification is Clang 16.0.6
-- Detecting C compiler ABI info
-- Detecting C compiler ABI info - done
-- Check for working C compiler: /Users/danitruc/miniforge3/envs/ros2_env/bin/arm64-apple-darwin20.0.0-clang - skipped
-- Detecting C compile features
-- Detecting C compile features - done
-- Detecting CXX compiler ABI info
-- Detecting CXX compiler ABI info - done
-- Check for working CXX compiler: /Users/danitruc/miniforge3/envs/ros2_env/bin/arm64-apple-darwin20.0.0-clang++ - skipped
-- Detecting CXX compile features
-- Detecting CXX compile features - done
-- Found ament_cmake: 1.3.7 (/Users/danitruc/miniforge3/envs/ros2_env/share/ament_cmake/cmake)
-- Found Python3: /opt/homebrew/Frameworks/Python.framework/Versions/3.12/bin/python3.12 (found version "3.12.5") found components: Interpreter 
-- Override CMake install command with custom implementation using symlinks instead of copying resources
-- Found urdf: 2.6.0 (/Users/danitruc/miniforge3/envs/ros2_env/share/urdf/cmake)
-- Found TinyXML2 via Config file: /Users/danitruc/miniforge3/envs/ros2_env/lib/cmake/tinyxml2
-- Found ament_lint_auto: 0.12.10 (/Users/danitruc/miniforge3/envs/ros2_env/share/ament_lint_auto/cmake)
-- Added test 'copyright' to check source files copyright and LICENSE
-- Added test 'flake8' to check Python code syntax and style conventions
-- Added test 'lint_cmake' to check CMake code style
-- Added test 'pep257' to check Python code against some of the docstring style conventions in PEP 257
-- Added test 'xmllint' to check XML markup files
-- Configuring done (3.9s)
-- Generating done (0.0s)
-- Build files have been written to: /Users/danitruc/bumperbot_ws/build/bumperbot_description
-- Install configuration: ""
-- Execute custom install script
-- Symlinking: /Users/danitruc/bumperbot_ws/install/bumperbot_description/share/bumperbot_description/launch/display.launch.py
-- Symlinking: /Users/danitruc/bumperbot_ws/install/bumperbot_description/share/bumperbot_description/launch/gazebo.launch.py
-- Symlinking: /Users/danitruc/bumperbot_ws/install/bumperbot_description/share/bumperbot_description/meshes/base_link.STL
-- Symlinking: /Users/danitruc/bumperbot_ws/install/bumperbot_description/share/bumperbot_description/meshes/can.STL
-- Symlinking: /Users/danitruc/bumperbot_ws/install/bumperbot_description/share/bumperbot_description/meshes/caster_front_link.STL
-- Symlinking: /Users/danitruc/bumperbot_ws/install/bumperbot_description/share/bumperbot_description/meshes/caster_rear_link.STL
-- Symlinking: /Users/danitruc/bumperbot_ws/install/bumperbot_description/share/bumperbot_description/meshes/imu_link.STL
-- Symlinking: /Users/danitruc/bumperbot_ws/install/bumperbot_description/share/bumperbot_description/meshes/wheel_left_link.STL
-- Symlinking: /Users/danitruc/bumperbot_ws/install/bumperbot_description/share/bumperbot_description/meshes/wheel_right_link.STL
-- Symlinking: /Users/danitruc/bumperbot_ws/install/bumperbot_description/share/bumperbot_description/models/ground_plane/model-1_2.sdf
-- Symlinking: /Users/danitruc/bumperbot_ws/install/bumperbot_description/share/bumperbot_description/models/ground_plane/model-1_3.sdf
-- Symlinking: /Users/danitruc/bumperbot_ws/install/bumperbot_description/share/bumperbot_description/models/ground_plane/model-1_4.sdf
-- Symlinking: /Users/danitruc/bumperbot_ws/install/bumperbot_description/share/bumperbot_description/models/ground_plane/model.config
-- Symlinking: /Users/danitruc/bumperbot_ws/install/bumperbot_description/share/bumperbot_description/models/ground_plane/model.sdf
-- Symlinking: /Users/danitruc/bumperbot_ws/install/bumperbot_description/share/bumperbot_description/models/sun/model-1_2.sdf
-- Symlinking: /Users/danitruc/bumperbot_ws/install/bumperbot_description/share/bumperbot_description/models/sun/model-1_3.sdf
-- Symlinking: /Users/danitruc/bumperbot_ws/install/bumperbot_description/share/bumperbot_description/models/sun/model-1_4.sdf
-- Symlinking: /Users/danitruc/bumperbot_ws/install/bumperbot_description/share/bumperbot_description/models/sun/model.config
-- Symlinking: /Users/danitruc/bumperbot_ws/install/bumperbot_description/share/bumperbot_description/models/sun/model.sdf
-- Symlinking: /Users/danitruc/bumperbot_ws/install/bumperbot_description/share/bumperbot_description/urdf/bumperbot.urdf.xacro
-- Symlinking: /Users/danitruc/bumperbot_ws/install/bumperbot_description/share/bumperbot_description/urdf/bumperbot_gazebo.xacro
-- Symlinking: /Users/danitruc/bumperbot_ws/install/bumperbot_description/share/bumperbot_description/urdf/bumperbot_ros2_control.xacro
-- Symlinking: /Users/danitruc/bumperbot_ws/install/bumperbot_description/share/bumperbot_description/rviz/display.rviz
-- Symlinking: /Users/danitruc/bumperbot_ws/install/bumperbot_description/share/ament_index/resource_index/package_run_dependencies/bumperbot_description
-- Symlinking: /Users/danitruc/bumperbot_ws/install/bumperbot_description/share/ament_index/resource_index/parent_prefix_path/bumperbot_description
-- Symlinking: /Users/danitruc/bumperbot_ws/install/bumperbot_description/share/bumperbot_description/environment/ament_prefix_path.sh
-- Symlinking: /Users/danitruc/bumperbot_ws/install/bumperbot_description/share/bumperbot_description/environment/ament_prefix_path.dsv
-- Symlinking: /Users/danitruc/bumperbot_ws/install/bumperbot_description/share/bumperbot_description/environment/path.sh
-- Symlinking: /Users/danitruc/bumperbot_ws/install/bumperbot_description/share/bumperbot_description/environment/path.dsv
-- Symlinking: /Users/danitruc/bumperbot_ws/install/bumperbot_description/share/bumperbot_description/local_setup.bash
-- Symlinking: /Users/danitruc/bumperbot_ws/install/bumperbot_description/share/bumperbot_description/local_setup.sh
-- Symlinking: /Users/danitruc/bumperbot_ws/install/bumperbot_description/share/bumperbot_description/local_setup.zsh
-- Symlinking: /Users/danitruc/bumperbot_ws/install/bumperbot_description/share/bumperbot_description/local_setup.dsv
-- Symlinking: /Users/danitruc/bumperbot_ws/install/bumperbot_description/share/bumperbot_description/package.dsv
-- Symlinking: /Users/danitruc/bumperbot_ws/install/bumperbot_description/share/ament_index/resource_index/packages/bumperbot_description
-- Symlinking: /Users/danitruc/bumperbot_ws/install/bumperbot_description/share/bumperbot_description/cmake/bumperbot_descriptionConfig.cmake
-- Symlinking: /Users/danitruc/bumperbot_ws/install/bumperbot_description/share/bumperbot_description/cmake/bumperbot_descriptionConfig-version.cmake
-- Symlinking: /Users/danitruc/bumperbot_ws/install/bumperbot_description/share/bumperbot_description/package.xml
