[0.130s] [34mcolcon[0m [1;30mDEBUG[0m [32mCommand line arguments: ['/Users/danitruc/miniforge3/envs/ros2_env/bin/colcon', 'build', '--packages-select', 'bumperbot_description'][0m
[0.130s] [34mcolcon[0m [1;30mDEBUG[0m [32mParsed command line arguments: Namespace(log_base=None, log_level=None, verb_name='build', build_base='build', install_base='install', merge_install=False, symlink_install=False, test_result_base=None, continue_on_error=False, executor='parallel', parallel_workers=8, event_handlers=None, ignore_user_meta=False, metas=['./colcon.meta'], base_paths=['.'], packages_ignore=None, packages_ignore_regex=None, paths=None, packages_up_to=None, packages_up_to_regex=None, packages_above=None, packages_above_and_dependencies=None, packages_above_depth=None, packages_select_by_dep=None, packages_skip_by_dep=None, packages_skip_up_to=None, packages_select_build_failed=False, packages_skip_build_finished=False, packages_select_test_failures=False, packages_skip_test_passed=False, packages_select=['bumperbot_description'], packages_skip=None, packages_select_regex=None, packages_skip_regex=None, packages_start=None, packages_end=None, cmake_args=None, cmake_target=None, cmake_target_skip_unavailable=False, cmake_clean_cache=False, cmake_clean_first=False, cmake_force_configure=False, ament_cmake_args=None, catkin_cmake_args=None, catkin_skip_building_tests=False, verb_parser=<colcon_defaults.argument_parser.defaults.DefaultArgumentsDecorator object at 0x105991490>, verb_extension=<colcon_core.verb.build.BuildVerb object at 0x1059904d0>, main=<bound method BuildVerb.main of <colcon_core.verb.build.BuildVerb object at 0x1059904d0>>)[0m
[0.161s] [34mcolcon.colcon_core.package_discovery[0m [1;30mLevel 1[0m discover_packages(colcon_meta) check parameters
[0.161s] [34mcolcon.colcon_core.package_discovery[0m [1;30mLevel 1[0m discover_packages(recursive) check parameters
[0.161s] [34mcolcon.colcon_core.package_discovery[0m [1;30mLevel 1[0m discover_packages(ignore) check parameters
[0.161s] [34mcolcon.colcon_core.package_discovery[0m [1;30mLevel 1[0m discover_packages(path) check parameters
[0.161s] [34mcolcon.colcon_core.package_discovery[0m [1;30mLevel 1[0m discover_packages(colcon_meta) discover
[0.161s] [34mcolcon.colcon_core.package_discovery[0m [1;30mLevel 1[0m discover_packages(recursive) discover
[0.161s] [34mcolcon.colcon_core.package_discovery[0m [1;30mINFO[0m Crawling recursively for packages in '/Users/danitruc/bumperbot_ws'
[0.161s] [34mcolcon.colcon_core.package_identification[0m [1;30mLevel 1[0m _identify(.) by extensions ['ignore', 'ignore_ament_install']
[0.161s] [34mcolcon.colcon_core.package_identification[0m [1;30mLevel 1[0m _identify(.) by extension 'ignore'
[0.161s] [34mcolcon.colcon_core.package_identification[0m [1;30mLevel 1[0m _identify(.) by extension 'ignore_ament_install'
[0.162s] [34mcolcon.colcon_core.package_identification[0m [1;30mLevel 1[0m _identify(.) by extensions ['colcon_pkg']
[0.162s] [34mcolcon.colcon_core.package_identification[0m [1;30mLevel 1[0m _identify(.) by extension 'colcon_pkg'
[0.162s] [34mcolcon.colcon_core.package_identification[0m [1;30mLevel 1[0m _identify(.) by extensions ['colcon_meta']
[0.162s] [34mcolcon.colcon_core.package_identification[0m [1;30mLevel 1[0m _identify(.) by extension 'colcon_meta'
[0.162s] [34mcolcon.colcon_core.package_identification[0m [1;30mLevel 1[0m _identify(.) by extensions ['ros']
[0.162s] [34mcolcon.colcon_core.package_identification[0m [1;30mLevel 1[0m _identify(.) by extension 'ros'
[0.182s] [34mcolcon.colcon_core.package_identification[0m [1;30mLevel 1[0m _identify(.) by extensions ['cmake', 'python']
[0.182s] [34mcolcon.colcon_core.package_identification[0m [1;30mLevel 1[0m _identify(.) by extension 'cmake'
[0.182s] [34mcolcon.colcon_core.package_identification[0m [1;30mLevel 1[0m _identify(.) by extension 'python'
[0.182s] [34mcolcon.colcon_core.package_identification[0m [1;30mLevel 1[0m _identify(.) by extensions ['python_setup_py']
[0.182s] [34mcolcon.colcon_core.package_identification[0m [1;30mLevel 1[0m _identify(.) by extension 'python_setup_py'
[0.183s] [34mcolcon.colcon_core.package_identification[0m [1;30mLevel 1[0m _identify(build) by extensions ['ignore', 'ignore_ament_install']
[0.183s] [34mcolcon.colcon_core.package_identification[0m [1;30mLevel 1[0m _identify(build) by extension 'ignore'
[0.183s] [34mcolcon.colcon_core.package_identification[0m [1;30mLevel 1[0m _identify(build) ignored
[0.183s] [34mcolcon.colcon_core.package_identification[0m [1;30mLevel 1[0m _identify(install) by extensions ['ignore', 'ignore_ament_install']
[0.183s] [34mcolcon.colcon_core.package_identification[0m [1;30mLevel 1[0m _identify(install) by extension 'ignore'
[0.183s] [34mcolcon.colcon_core.package_identification[0m [1;30mLevel 1[0m _identify(install) ignored
[0.183s] [34mcolcon.colcon_core.package_identification[0m [1;30mLevel 1[0m _identify(log) by extensions ['ignore', 'ignore_ament_install']
[0.183s] [34mcolcon.colcon_core.package_identification[0m [1;30mLevel 1[0m _identify(log) by extension 'ignore'
[0.183s] [34mcolcon.colcon_core.package_identification[0m [1;30mLevel 1[0m _identify(log) ignored
[0.183s] [34mcolcon.colcon_core.package_identification[0m [1;30mLevel 1[0m _identify(src) by extensions ['ignore', 'ignore_ament_install']
[0.183s] [34mcolcon.colcon_core.package_identification[0m [1;30mLevel 1[0m _identify(src) by extension 'ignore'
[0.183s] [34mcolcon.colcon_core.package_identification[0m [1;30mLevel 1[0m _identify(src) by extension 'ignore_ament_install'
[0.183s] [34mcolcon.colcon_core.package_identification[0m [1;30mLevel 1[0m _identify(src) by extensions ['colcon_pkg']
[0.183s] [34mcolcon.colcon_core.package_identification[0m [1;30mLevel 1[0m _identify(src) by extension 'colcon_pkg'
[0.183s] [34mcolcon.colcon_core.package_identification[0m [1;30mLevel 1[0m _identify(src) by extensions ['colcon_meta']
[0.183s] [34mcolcon.colcon_core.package_identification[0m [1;30mLevel 1[0m _identify(src) by extension 'colcon_meta'
[0.183s] [34mcolcon.colcon_core.package_identification[0m [1;30mLevel 1[0m _identify(src) by extensions ['ros']
[0.183s] [34mcolcon.colcon_core.package_identification[0m [1;30mLevel 1[0m _identify(src) by extension 'ros'
[0.183s] [34mcolcon.colcon_core.package_identification[0m [1;30mLevel 1[0m _identify(src) by extensions ['cmake', 'python']
[0.183s] [34mcolcon.colcon_core.package_identification[0m [1;30mLevel 1[0m _identify(src) by extension 'cmake'
[0.183s] [34mcolcon.colcon_core.package_identification[0m [1;30mLevel 1[0m _identify(src) by extension 'python'
[0.183s] [34mcolcon.colcon_core.package_identification[0m [1;30mLevel 1[0m _identify(src) by extensions ['python_setup_py']
[0.183s] [34mcolcon.colcon_core.package_identification[0m [1;30mLevel 1[0m _identify(src) by extension 'python_setup_py'
[0.184s] [34mcolcon.colcon_core.package_identification[0m [1;30mLevel 1[0m _identify(src/bumperbot_controller) by extensions ['ignore', 'ignore_ament_install']
[0.184s] [34mcolcon.colcon_core.package_identification[0m [1;30mLevel 1[0m _identify(src/bumperbot_controller) by extension 'ignore'
[0.184s] [34mcolcon.colcon_core.package_identification[0m [1;30mLevel 1[0m _identify(src/bumperbot_controller) by extension 'ignore_ament_install'
[0.184s] [34mcolcon.colcon_core.package_identification[0m [1;30mLevel 1[0m _identify(src/bumperbot_controller) by extensions ['colcon_pkg']
[0.184s] [34mcolcon.colcon_core.package_identification[0m [1;30mLevel 1[0m _identify(src/bumperbot_controller) by extension 'colcon_pkg'
[0.184s] [34mcolcon.colcon_core.package_identification[0m [1;30mLevel 1[0m _identify(src/bumperbot_controller) by extensions ['colcon_meta']
[0.184s] [34mcolcon.colcon_core.package_identification[0m [1;30mLevel 1[0m _identify(src/bumperbot_controller) by extension 'colcon_meta'
[0.184s] [34mcolcon.colcon_core.package_identification[0m [1;30mLevel 1[0m _identify(src/bumperbot_controller) by extensions ['ros']
[0.184s] [34mcolcon.colcon_core.package_identification[0m [1;30mLevel 1[0m _identify(src/bumperbot_controller) by extension 'ros'
[0.186s] [34mcolcon.colcon_core.package_identification[0m [1;30mDEBUG[0m [32mPackage 'src/bumperbot_controller' with type 'ros.ament_cmake' and name 'bumperbot_controller'[0m
[0.186s] [34mcolcon.colcon_core.package_identification[0m [1;30mLevel 1[0m _identify(src/bumperbot_cpp_examples) by extensions ['ignore', 'ignore_ament_install']
[0.186s] [34mcolcon.colcon_core.package_identification[0m [1;30mLevel 1[0m _identify(src/bumperbot_cpp_examples) by extension 'ignore'
[0.186s] [34mcolcon.colcon_core.package_identification[0m [1;30mLevel 1[0m _identify(src/bumperbot_cpp_examples) by extension 'ignore_ament_install'
[0.186s] [34mcolcon.colcon_core.package_identification[0m [1;30mLevel 1[0m _identify(src/bumperbot_cpp_examples) by extensions ['colcon_pkg']
[0.186s] [34mcolcon.colcon_core.package_identification[0m [1;30mLevel 1[0m _identify(src/bumperbot_cpp_examples) by extension 'colcon_pkg'
[0.186s] [34mcolcon.colcon_core.package_identification[0m [1;30mLevel 1[0m _identify(src/bumperbot_cpp_examples) by extensions ['colcon_meta']
[0.186s] [34mcolcon.colcon_core.package_identification[0m [1;30mLevel 1[0m _identify(src/bumperbot_cpp_examples) by extension 'colcon_meta'
[0.186s] [34mcolcon.colcon_core.package_identification[0m [1;30mLevel 1[0m _identify(src/bumperbot_cpp_examples) by extensions ['ros']
[0.186s] [34mcolcon.colcon_core.package_identification[0m [1;30mLevel 1[0m _identify(src/bumperbot_cpp_examples) by extension 'ros'
[0.187s] [34mcolcon.colcon_core.package_identification[0m [1;30mDEBUG[0m [32mPackage 'src/bumperbot_cpp_examples' with type 'ros.ament_cmake' and name 'bumperbot_cpp_examples'[0m
[0.187s] [34mcolcon.colcon_core.package_identification[0m [1;30mLevel 1[0m _identify(src/bumperbot_description) by extensions ['ignore', 'ignore_ament_install']
[0.187s] [34mcolcon.colcon_core.package_identification[0m [1;30mLevel 1[0m _identify(src/bumperbot_description) by extension 'ignore'
[0.187s] [34mcolcon.colcon_core.package_identification[0m [1;30mLevel 1[0m _identify(src/bumperbot_description) by extension 'ignore_ament_install'
[0.187s] [34mcolcon.colcon_core.package_identification[0m [1;30mLevel 1[0m _identify(src/bumperbot_description) by extensions ['colcon_pkg']
[0.187s] [34mcolcon.colcon_core.package_identification[0m [1;30mLevel 1[0m _identify(src/bumperbot_description) by extension 'colcon_pkg'
[0.187s] [34mcolcon.colcon_core.package_identification[0m [1;30mLevel 1[0m _identify(src/bumperbot_description) by extensions ['colcon_meta']
[0.187s] [34mcolcon.colcon_core.package_identification[0m [1;30mLevel 1[0m _identify(src/bumperbot_description) by extension 'colcon_meta'
[0.187s] [34mcolcon.colcon_core.package_identification[0m [1;30mLevel 1[0m _identify(src/bumperbot_description) by extensions ['ros']
[0.187s] [34mcolcon.colcon_core.package_identification[0m [1;30mLevel 1[0m _identify(src/bumperbot_description) by extension 'ros'
[0.188s] [34mcolcon.colcon_core.package_identification[0m [1;30mDEBUG[0m [32mPackage 'src/bumperbot_description' with type 'ros.ament_cmake' and name 'bumperbot_description'[0m
[0.188s] [34mcolcon.colcon_core.package_identification[0m [1;30mLevel 1[0m _identify(src/bumperbot_py_examples) by extensions ['ignore', 'ignore_ament_install']
[0.188s] [34mcolcon.colcon_core.package_identification[0m [1;30mLevel 1[0m _identify(src/bumperbot_py_examples) by extension 'ignore'
[0.188s] [34mcolcon.colcon_core.package_identification[0m [1;30mLevel 1[0m _identify(src/bumperbot_py_examples) by extension 'ignore_ament_install'
[0.188s] [34mcolcon.colcon_core.package_identification[0m [1;30mLevel 1[0m _identify(src/bumperbot_py_examples) by extensions ['colcon_pkg']
[0.188s] [34mcolcon.colcon_core.package_identification[0m [1;30mLevel 1[0m _identify(src/bumperbot_py_examples) by extension 'colcon_pkg'
[0.188s] [34mcolcon.colcon_core.package_identification[0m [1;30mLevel 1[0m _identify(src/bumperbot_py_examples) by extensions ['colcon_meta']
[0.188s] [34mcolcon.colcon_core.package_identification[0m [1;30mLevel 1[0m _identify(src/bumperbot_py_examples) by extension 'colcon_meta'
[0.188s] [34mcolcon.colcon_core.package_identification[0m [1;30mLevel 1[0m _identify(src/bumperbot_py_examples) by extensions ['ros']
[0.188s] [34mcolcon.colcon_core.package_identification[0m [1;30mLevel 1[0m _identify(src/bumperbot_py_examples) by extension 'ros'
[0.189s] [34mcolcon.colcon_core.package_identification[0m [1;30mDEBUG[0m [32mPackage 'src/bumperbot_py_examples' with type 'ros.ament_python' and name 'bumperbot_py_examples'[0m
[0.189s] [34mcolcon.colcon_core.package_discovery[0m [1;30mLevel 1[0m discover_packages(recursive) using defaults
[0.189s] [34mcolcon.colcon_core.package_discovery[0m [1;30mLevel 1[0m discover_packages(ignore) discover
[0.189s] [34mcolcon.colcon_core.package_discovery[0m [1;30mLevel 1[0m discover_packages(ignore) using defaults
[0.189s] [34mcolcon.colcon_core.package_discovery[0m [1;30mLevel 1[0m discover_packages(path) discover
[0.189s] [34mcolcon.colcon_core.package_discovery[0m [1;30mLevel 1[0m discover_packages(path) using defaults
[0.208s] [34mcolcon.colcon_core.package_selection[0m [1;30mINFO[0m Skipping not selected package 'bumperbot_controller' in 'src/bumperbot_controller'
[0.208s] [34mcolcon.colcon_core.package_selection[0m [1;30mINFO[0m Skipping not selected package 'bumperbot_cpp_examples' in 'src/bumperbot_cpp_examples'
[0.208s] [34mcolcon.colcon_core.package_selection[0m [1;30mINFO[0m Skipping not selected package 'bumperbot_py_examples' in 'src/bumperbot_py_examples'
[0.208s] [34mcolcon.colcon_core.verb[0m [1;30mLevel 5[0m set package 'bumperbot_description' build argument 'cmake_args' from command line to 'None'
[0.208s] [34mcolcon.colcon_core.verb[0m [1;30mLevel 5[0m set package 'bumperbot_description' build argument 'cmake_target' from command line to 'None'
[0.208s] [34mcolcon.colcon_core.verb[0m [1;30mLevel 5[0m set package 'bumperbot_description' build argument 'cmake_target_skip_unavailable' from command line to 'False'
[0.209s] [34mcolcon.colcon_core.verb[0m [1;30mLevel 5[0m set package 'bumperbot_description' build argument 'cmake_clean_cache' from command line to 'False'
[0.209s] [34mcolcon.colcon_core.verb[0m [1;30mLevel 5[0m set package 'bumperbot_description' build argument 'cmake_clean_first' from command line to 'False'
[0.209s] [34mcolcon.colcon_core.verb[0m [1;30mLevel 5[0m set package 'bumperbot_description' build argument 'cmake_force_configure' from command line to 'False'
[0.209s] [34mcolcon.colcon_core.verb[0m [1;30mLevel 5[0m set package 'bumperbot_description' build argument 'ament_cmake_args' from command line to 'None'
[0.209s] [34mcolcon.colcon_core.verb[0m [1;30mLevel 5[0m set package 'bumperbot_description' build argument 'catkin_cmake_args' from command line to 'None'
[0.209s] [34mcolcon.colcon_core.verb[0m [1;30mLevel 5[0m set package 'bumperbot_description' build argument 'catkin_skip_building_tests' from command line to 'False'
[0.209s] [34mcolcon.colcon_core.verb[0m [1;30mDEBUG[0m [32mBuilding package 'bumperbot_description' with the following arguments: {'ament_cmake_args': None, 'build_base': '/Users/danitruc/bumperbot_ws/build/bumperbot_description', 'catkin_cmake_args': None, 'catkin_skip_building_tests': False, 'cmake_args': None, 'cmake_clean_cache': False, 'cmake_clean_first': False, 'cmake_force_configure': False, 'cmake_target': None, 'cmake_target_skip_unavailable': False, 'install_base': '/Users/danitruc/bumperbot_ws/install/bumperbot_description', 'merge_install': False, 'path': '/Users/danitruc/bumperbot_ws/src/bumperbot_description', 'symlink_install': False, 'test_result_base': None}[0m
[0.209s] [34mcolcon.colcon_core.executor[0m [1;30mINFO[0m Executing jobs using 'parallel' executor
[0.209s] [34mcolcon.colcon_parallel_executor.executor.parallel[0m [1;30mDEBUG[0m [32mrun_until_complete[0m
[0.210s] [34mcolcon.colcon_ros.task.ament_cmake.build[0m [1;30mINFO[0m Building ROS package in '/Users/danitruc/bumperbot_ws/src/bumperbot_description' with build type 'ament_cmake'
[0.210s] [34mcolcon.colcon_cmake.task.cmake.build[0m [1;30mINFO[0m Building CMake package in '/Users/danitruc/bumperbot_ws/src/bumperbot_description'
[0.213s] [34mcolcon.colcon_core.plugin_system[0m [1;30mINFO[0m Skipping extension 'colcon_core.shell.bat': Not used on non-Windows systems
[0.213s] [34mcolcon.colcon_core.shell[0m [1;30mINFO[0m Skip shell extension 'powershell' for command environment: Not usable outside of PowerShell
[0.213s] [34mcolcon.colcon_core.shell[0m [1;30mDEBUG[0m [32mSkip shell extension 'dsv' for command environment[0m
[0.235s] [34mcolcon.colcon_core.event_handler.log_command[0m [1;30mDEBUG[0m [32mInvoking command in '/Users/danitruc/bumperbot_ws/build/bumperbot_description': SHLVL=2 _=/Users/danitruc/miniforge3/envs/ros2_env/bin/env __CF_USER_TEXT_ENCODING=0x1F5:0x0:0x0 /Users/danitruc/miniforge3/envs/ros2_env/bin/cmake --build /Users/danitruc/bumperbot_ws/build/bumperbot_description -- -j8 -l8[0m
[0.347s] [34mcolcon.colcon_core.event_handler.log_command[0m [1;30mDEBUG[0m [32mInvoked command in '/Users/danitruc/bumperbot_ws/build/bumperbot_description' returned '0': SHLVL=2 _=/Users/danitruc/miniforge3/envs/ros2_env/bin/env __CF_USER_TEXT_ENCODING=0x1F5:0x0:0x0 /Users/danitruc/miniforge3/envs/ros2_env/bin/cmake --build /Users/danitruc/bumperbot_ws/build/bumperbot_description -- -j8 -l8[0m
[0.421s] [34mcolcon.colcon_core.event_handler.log_command[0m [1;30mDEBUG[0m [32mInvoking command in '/Users/danitruc/bumperbot_ws/build/bumperbot_description': SHLVL=2 _=/Users/danitruc/miniforge3/envs/ros2_env/bin/env __CF_USER_TEXT_ENCODING=0x1F5:0x0:0x0 /Users/danitruc/miniforge3/envs/ros2_env/bin/cmake --install /Users/danitruc/bumperbot_ws/build/bumperbot_description[0m
[0.464s] [34mcolcon.colcon_core.environment[0m [1;30mLevel 1[0m create_environment_scripts_only(bumperbot_description)
[0.464s] [34mcolcon.colcon_core.event_handler.log_command[0m [1;30mDEBUG[0m [32mInvoked command in '/Users/danitruc/bumperbot_ws/build/bumperbot_description' returned '0': SHLVL=2 _=/Users/danitruc/miniforge3/envs/ros2_env/bin/env __CF_USER_TEXT_ENCODING=0x1F5:0x0:0x0 /Users/danitruc/miniforge3/envs/ros2_env/bin/cmake --install /Users/danitruc/bumperbot_ws/build/bumperbot_description[0m
[0.468s] [34mcolcon.colcon_core.environment[0m [1;30mLevel 1[0m checking '/Users/danitruc/bumperbot_ws/install/bumperbot_description' for CMake module files
[0.468s] [34mcolcon.colcon_core.environment[0m [1;30mLevel 1[0m checking '/Users/danitruc/bumperbot_ws/install/bumperbot_description' for CMake config files
[0.469s] [34mcolcon.colcon_core.shell[0m [1;30mLevel 1[0m create_environment_hook('bumperbot_description', 'cmake_prefix_path')
[0.469s] [34mcolcon.colcon_core.shell[0m [1;30mINFO[0m Creating environment hook '/Users/danitruc/bumperbot_ws/install/bumperbot_description/share/bumperbot_description/hook/cmake_prefix_path.ps1'
[0.470s] [34mcolcon.colcon_core.shell[0m [1;30mINFO[0m Creating environment descriptor '/Users/danitruc/bumperbot_ws/install/bumperbot_description/share/bumperbot_description/hook/cmake_prefix_path.dsv'
[0.471s] [34mcolcon.colcon_core.shell[0m [1;30mINFO[0m Creating environment hook '/Users/danitruc/bumperbot_ws/install/bumperbot_description/share/bumperbot_description/hook/cmake_prefix_path.sh'
[0.472s] [34mcolcon.colcon_core.environment[0m [1;30mLevel 1[0m checking '/Users/danitruc/bumperbot_ws/install/bumperbot_description/lib'
[0.472s] [34mcolcon.colcon_core.environment[0m [1;30mLevel 1[0m checking '/Users/danitruc/bumperbot_ws/install/bumperbot_description/bin'
[0.472s] [34mcolcon.colcon_core.environment[0m [1;30mLevel 1[0m checking '/Users/danitruc/bumperbot_ws/install/bumperbot_description/lib/pkgconfig/bumperbot_description.pc'
[0.472s] [34mcolcon.colcon_core.environment[0m [1;30mLevel 1[0m checking '/Users/danitruc/bumperbot_ws/install/bumperbot_description/lib/python3.11/site-packages'
[0.472s] [34mcolcon.colcon_core.environment[0m [1;30mLevel 1[0m checking '/Users/danitruc/bumperbot_ws/install/bumperbot_description/bin'
[0.472s] [34mcolcon.colcon_core.shell[0m [1;30mINFO[0m Creating package script '/Users/danitruc/bumperbot_ws/install/bumperbot_description/share/bumperbot_description/package.ps1'
[0.473s] [34mcolcon.colcon_core.shell[0m [1;30mINFO[0m Creating package descriptor '/Users/danitruc/bumperbot_ws/install/bumperbot_description/share/bumperbot_description/package.dsv'
[0.474s] [34mcolcon.colcon_core.shell[0m [1;30mINFO[0m Creating package script '/Users/danitruc/bumperbot_ws/install/bumperbot_description/share/bumperbot_description/package.sh'
[0.475s] [34mcolcon.colcon_core.shell[0m [1;30mINFO[0m Creating package script '/Users/danitruc/bumperbot_ws/install/bumperbot_description/share/bumperbot_description/package.bash'
[0.475s] [34mcolcon.colcon_core.shell[0m [1;30mINFO[0m Creating package script '/Users/danitruc/bumperbot_ws/install/bumperbot_description/share/bumperbot_description/package.zsh'
[0.476s] [34mcolcon.colcon_core.environment[0m [1;30mLevel 1[0m create_file_with_runtime_dependencies(/Users/danitruc/bumperbot_ws/install/bumperbot_description/share/colcon-core/packages/bumperbot_description)
[0.532s] [34mcolcon.colcon_core.environment[0m [1;30mLevel 1[0m create_environment_scripts_only(bumperbot_description)
[0.532s] [34mcolcon.colcon_core.environment[0m [1;30mLevel 1[0m checking '/Users/danitruc/bumperbot_ws/install/bumperbot_description' for CMake module files
[0.532s] [34mcolcon.colcon_core.environment[0m [1;30mLevel 1[0m checking '/Users/danitruc/bumperbot_ws/install/bumperbot_description' for CMake config files
[0.533s] [34mcolcon.colcon_core.shell[0m [1;30mLevel 1[0m create_environment_hook('bumperbot_description', 'cmake_prefix_path')
[0.533s] [34mcolcon.colcon_core.shell[0m [1;30mINFO[0m Creating environment hook '/Users/danitruc/bumperbot_ws/install/bumperbot_description/share/bumperbot_description/hook/cmake_prefix_path.ps1'
[0.533s] [34mcolcon.colcon_core.shell[0m [1;30mINFO[0m Creating environment descriptor '/Users/danitruc/bumperbot_ws/install/bumperbot_description/share/bumperbot_description/hook/cmake_prefix_path.dsv'
[0.534s] [34mcolcon.colcon_core.shell[0m [1;30mINFO[0m Creating environment hook '/Users/danitruc/bumperbot_ws/install/bumperbot_description/share/bumperbot_description/hook/cmake_prefix_path.sh'
[0.534s] [34mcolcon.colcon_core.environment[0m [1;30mLevel 1[0m checking '/Users/danitruc/bumperbot_ws/install/bumperbot_description/lib'
[0.534s] [34mcolcon.colcon_core.environment[0m [1;30mLevel 1[0m checking '/Users/danitruc/bumperbot_ws/install/bumperbot_description/bin'
[0.534s] [34mcolcon.colcon_core.environment[0m [1;30mLevel 1[0m checking '/Users/danitruc/bumperbot_ws/install/bumperbot_description/lib/pkgconfig/bumperbot_description.pc'
[0.534s] [34mcolcon.colcon_core.environment[0m [1;30mLevel 1[0m checking '/Users/danitruc/bumperbot_ws/install/bumperbot_description/lib/python3.11/site-packages'
[0.535s] [34mcolcon.colcon_core.environment[0m [1;30mLevel 1[0m checking '/Users/danitruc/bumperbot_ws/install/bumperbot_description/bin'
[0.535s] [34mcolcon.colcon_core.shell[0m [1;30mINFO[0m Creating package script '/Users/danitruc/bumperbot_ws/install/bumperbot_description/share/bumperbot_description/package.ps1'
[0.535s] [34mcolcon.colcon_core.shell[0m [1;30mINFO[0m Creating package descriptor '/Users/danitruc/bumperbot_ws/install/bumperbot_description/share/bumperbot_description/package.dsv'
[0.535s] [34mcolcon.colcon_core.shell[0m [1;30mINFO[0m Creating package script '/Users/danitruc/bumperbot_ws/install/bumperbot_description/share/bumperbot_description/package.sh'
[0.536s] [34mcolcon.colcon_core.shell[0m [1;30mINFO[0m Creating package script '/Users/danitruc/bumperbot_ws/install/bumperbot_description/share/bumperbot_description/package.bash'
[0.536s] [34mcolcon.colcon_core.shell[0m [1;30mINFO[0m Creating package script '/Users/danitruc/bumperbot_ws/install/bumperbot_description/share/bumperbot_description/package.zsh'
[0.536s] [34mcolcon.colcon_core.environment[0m [1;30mLevel 1[0m create_file_with_runtime_dependencies(/Users/danitruc/bumperbot_ws/install/bumperbot_description/share/colcon-core/packages/bumperbot_description)
[0.537s] [34mcolcon.colcon_parallel_executor.executor.parallel[0m [1;30mDEBUG[0m [32mclosing loop[0m
[0.537s] [34mcolcon.colcon_parallel_executor.executor.parallel[0m [1;30mDEBUG[0m [32mloop closed[0m
[0.537s] [34mcolcon.colcon_parallel_executor.executor.parallel[0m [1;30mDEBUG[0m [32mrun_until_complete finished with '0'[0m
[0.537s] [34mcolcon.colcon_core.event_reactor[0m [1;30mDEBUG[0m [32mjoining thread[0m
[0.537s] [34mcolcon.colcon_core.event_reactor[0m [1;30mDEBUG[0m [32mjoined thread[0m
[0.537s] [34mcolcon.colcon_core.shell[0m [1;30mINFO[0m Creating prefix script '/Users/danitruc/bumperbot_ws/install/local_setup.ps1'
[0.538s] [34mcolcon.colcon_core.shell[0m [1;30mINFO[0m Creating prefix util module '/Users/danitruc/bumperbot_ws/install/_local_setup_util_ps1.py'
[0.539s] [34mcolcon.colcon_core.shell[0m [1;30mINFO[0m Creating prefix chain script '/Users/danitruc/bumperbot_ws/install/setup.ps1'
[0.540s] [34mcolcon.colcon_core.shell[0m [1;30mINFO[0m Creating prefix script '/Users/danitruc/bumperbot_ws/install/local_setup.sh'
[0.541s] [34mcolcon.colcon_core.shell[0m [1;30mINFO[0m Creating prefix util module '/Users/danitruc/bumperbot_ws/install/_local_setup_util_sh.py'
[0.541s] [34mcolcon.colcon_core.shell[0m [1;30mINFO[0m Creating prefix chain script '/Users/danitruc/bumperbot_ws/install/setup.sh'
[0.542s] [34mcolcon.colcon_core.shell[0m [1;30mINFO[0m Creating prefix script '/Users/danitruc/bumperbot_ws/install/local_setup.bash'
[0.542s] [34mcolcon.colcon_core.shell[0m [1;30mINFO[0m Creating prefix chain script '/Users/danitruc/bumperbot_ws/install/setup.bash'
[0.543s] [34mcolcon.colcon_core.shell[0m [1;30mINFO[0m Creating prefix script '/Users/danitruc/bumperbot_ws/install/local_setup.zsh'
[0.544s] [34mcolcon.colcon_core.shell[0m [1;30mINFO[0m Creating prefix chain script '/Users/danitruc/bumperbot_ws/install/setup.zsh'
