running develop
Removing /Users/danitruc/bumperbot_ws/install/bumperbot_py_examples/lib/python3.11/site-packages/bumperbot-py-examples.egg-link (link to .)
running egg_info
writing ../../build/bumperbot_py_examples/bumperbot_py_examples.egg-info/PKG-INFO
writing dependency_links to ../../build/bumperbot_py_examples/bumperbot_py_examples.egg-info/dependency_links.txt
writing entry points to ../../build/bumperbot_py_examples/bumperbot_py_examples.egg-info/entry_points.txt
writing requirements to ../../build/bumperbot_py_examples/bumperbot_py_examples.egg-info/requires.txt
writing top-level names to ../../build/bumperbot_py_examples/bumperbot_py_examples.egg-info/top_level.txt
reading manifest file '../../build/bumperbot_py_examples/bumperbot_py_examples.egg-info/SOURCES.txt'
writing manifest file '../../build/bumperbot_py_examples/bumperbot_py_examples.egg-info/SOURCES.txt'
running build
running build_py
creating /Users/danitruc/bumperbot_ws/build/bumperbot_py_examples/build
creating /Users/danitruc/bumperbot_ws/build/bumperbot_py_examples/build/lib
creating /Users/danitruc/bumperbot_ws/build/bumperbot_py_examples/build/lib/bumperbot_py_examples
copying bumperbot_py_examples/__init__.py -> /Users/danitruc/bumperbot_ws/build/bumperbot_py_examples/build/lib/bumperbot_py_examples
copying bumperbot_py_examples/simple_subscriber.py -> /Users/danitruc/bumperbot_ws/build/bumperbot_py_examples/build/lib/bumperbot_py_examples
copying bumperbot_py_examples/simple_publisher.py -> /Users/danitruc/bumperbot_ws/build/bumperbot_py_examples/build/lib/bumperbot_py_examples
copying bumperbot_py_examples/simple_parameter.py -> /Users/danitruc/bumperbot_ws/build/bumperbot_py_examples/build/lib/bumperbot_py_examples
copying bumperbot_py_examples/simple_turtlesim_kinematics.py -> /Users/danitruc/bumperbot_ws/build/bumperbot_py_examples/build/lib/bumperbot_py_examples
running install
running install_lib
creating /Users/danitruc/bumperbot_ws/install/bumperbot_py_examples/lib/python3.11/site-packages/bumperbot_py_examples
copying /Users/danitruc/bumperbot_ws/build/bumperbot_py_examples/build/lib/bumperbot_py_examples/__init__.py -> /Users/danitruc/bumperbot_ws/install/bumperbot_py_examples/lib/python3.11/site-packages/bumperbot_py_examples
copying /Users/danitruc/bumperbot_ws/build/bumperbot_py_examples/build/lib/bumperbot_py_examples/simple_subscriber.py -> /Users/danitruc/bumperbot_ws/install/bumperbot_py_examples/lib/python3.11/site-packages/bumperbot_py_examples
copying /Users/danitruc/bumperbot_ws/build/bumperbot_py_examples/build/lib/bumperbot_py_examples/simple_publisher.py -> /Users/danitruc/bumperbot_ws/install/bumperbot_py_examples/lib/python3.11/site-packages/bumperbot_py_examples
copying /Users/danitruc/bumperbot_ws/build/bumperbot_py_examples/build/lib/bumperbot_py_examples/simple_parameter.py -> /Users/danitruc/bumperbot_ws/install/bumperbot_py_examples/lib/python3.11/site-packages/bumperbot_py_examples
copying /Users/danitruc/bumperbot_ws/build/bumperbot_py_examples/build/lib/bumperbot_py_examples/simple_turtlesim_kinematics.py -> /Users/danitruc/bumperbot_ws/install/bumperbot_py_examples/lib/python3.11/site-packages/bumperbot_py_examples
byte-compiling /Users/danitruc/bumperbot_ws/install/bumperbot_py_examples/lib/python3.11/site-packages/bumperbot_py_examples/__init__.py to __init__.cpython-311.pyc
byte-compiling /Users/danitruc/bumperbot_ws/install/bumperbot_py_examples/lib/python3.11/site-packages/bumperbot_py_examples/simple_subscriber.py to simple_subscriber.cpython-311.pyc
byte-compiling /Users/danitruc/bumperbot_ws/install/bumperbot_py_examples/lib/python3.11/site-packages/bumperbot_py_examples/simple_publisher.py to simple_publisher.cpython-311.pyc
byte-compiling /Users/danitruc/bumperbot_ws/install/bumperbot_py_examples/lib/python3.11/site-packages/bumperbot_py_examples/simple_parameter.py to simple_parameter.cpython-311.pyc
byte-compiling /Users/danitruc/bumperbot_ws/install/bumperbot_py_examples/lib/python3.11/site-packages/bumperbot_py_examples/simple_turtlesim_kinematics.py to simple_turtlesim_kinematics.cpython-311.pyc
running install_data
copying resource/bumperbot_py_examples -> /Users/danitruc/bumperbot_ws/install/bumperbot_py_examples/share/ament_index/resource_index/packages
copying package.xml -> /Users/danitruc/bumperbot_ws/install/bumperbot_py_examples/share/bumperbot_py_examples
running install_egg_info
Copying ../../build/bumperbot_py_examples/bumperbot_py_examples.egg-info to /Users/danitruc/bumperbot_ws/install/bumperbot_py_examples/lib/python3.11/site-packages/bumperbot_py_examples-0.0.0-py3.11.egg-info
running install_scripts
Installing simple_parameter script to /Users/danitruc/bumperbot_ws/install/bumperbot_py_examples/lib/bumperbot_py_examples
Installing simple_publisher script to /Users/danitruc/bumperbot_ws/install/bumperbot_py_examples/lib/bumperbot_py_examples
Installing simple_subscriber script to /Users/danitruc/bumperbot_ws/install/bumperbot_py_examples/lib/bumperbot_py_examples
Installing simple_turtlesim_kinematics script to /Users/danitruc/bumperbot_ws/install/bumperbot_py_examples/lib/bumperbot_py_examples
writing list of installed files to '/Users/danitruc/bumperbot_ws/build/bumperbot_py_examples/install.log'
