[0.562s] Invoking command in '/Users/danitruc/bumperbot_ws/build/bumperbot_py_examples': PYTHONPATH=/Users/danitruc/bumperbot_ws/build/bumperbot_py_examples/prefix_override:/Users/danitruc/miniforge3/envs/ros2_env/lib/python3.11/site-packages/colcon_core/task/python/colcon_distutils_commands:/Users/danitruc/bumperbot_ws/install/bumperbot_py_examples/lib/python3.11/site-packages:${PYTHONPATH} SHLVL=2 _=/Users/danitruc/miniforge3/envs/ros2_env/bin/env __CF_USER_TEXT_ENCODING=0x1F5:0x0:0x0 /Users/danitruc/miniforge3/envs/ros2_env/bin/python3.11 -W ignore:setup.py install is deprecated setup.py develop --uninstall --editable --build-directory /Users/danitruc/bumperbot_ws/build/bumperbot_py_examples/build
[0.782s] running develop
[0.957s] Removing /Users/danitruc/bumperbot_ws/install/bumperbot_py_examples/lib/python3.11/site-packages/bumperbot-py-examples.egg-link (link to .)
[0.978s] Invoked command in '/Users/danitruc/bumperbot_ws/build/bumperbot_py_examples' returned '0': PYTHONPATH=/Users/danitruc/bumperbot_ws/build/bumperbot_py_examples/prefix_override:/Users/danitruc/miniforge3/envs/ros2_env/lib/python3.11/site-packages/colcon_core/task/python/colcon_distutils_commands:/Users/danitruc/bumperbot_ws/install/bumperbot_py_examples/lib/python3.11/site-packages:${PYTHONPATH} SHLVL=2 _=/Users/danitruc/miniforge3/envs/ros2_env/bin/env __CF_USER_TEXT_ENCODING=0x1F5:0x0:0x0 /Users/danitruc/miniforge3/envs/ros2_env/bin/python3.11 -W ignore:setup.py install is deprecated setup.py develop --uninstall --editable --build-directory /Users/danitruc/bumperbot_ws/build/bumperbot_py_examples/build
[0.981s] Invoking command in '/Users/danitruc/bumperbot_ws/src/bumperbot_py_examples': PYTHONPATH=/Users/danitruc/bumperbot_ws/build/bumperbot_py_examples/prefix_override:/Users/danitruc/miniforge3/envs/ros2_env/lib/python3.11/site-packages/colcon_core/task/python/colcon_distutils_commands:/Users/danitruc/bumperbot_ws/install/bumperbot_py_examples/lib/python3.11/site-packages:${PYTHONPATH} SHLVL=2 _=/Users/danitruc/miniforge3/envs/ros2_env/bin/env __CF_USER_TEXT_ENCODING=0x1F5:0x0:0x0 /Users/danitruc/miniforge3/envs/ros2_env/bin/python3.11 -W ignore:setup.py install is deprecated setup.py egg_info --egg-base ../../build/bumperbot_py_examples build --build-base /Users/danitruc/bumperbot_ws/build/bumperbot_py_examples/build install --record /Users/danitruc/bumperbot_ws/build/bumperbot_py_examples/install.log --single-version-externally-managed install_data --force
[1.182s] running egg_info
[1.182s] writing ../../build/bumperbot_py_examples/bumperbot_py_examples.egg-info/PKG-INFO
[1.182s] writing dependency_links to ../../build/bumperbot_py_examples/bumperbot_py_examples.egg-info/dependency_links.txt
[1.183s] writing entry points to ../../build/bumperbot_py_examples/bumperbot_py_examples.egg-info/entry_points.txt
[1.183s] writing requirements to ../../build/bumperbot_py_examples/bumperbot_py_examples.egg-info/requires.txt
[1.183s] writing top-level names to ../../build/bumperbot_py_examples/bumperbot_py_examples.egg-info/top_level.txt
[1.184s] reading manifest file '../../build/bumperbot_py_examples/bumperbot_py_examples.egg-info/SOURCES.txt'
[1.185s] writing manifest file '../../build/bumperbot_py_examples/bumperbot_py_examples.egg-info/SOURCES.txt'
[1.185s] running build
[1.185s] running build_py
[1.185s] creating /Users/danitruc/bumperbot_ws/build/bumperbot_py_examples/build
[1.185s] creating /Users/danitruc/bumperbot_ws/build/bumperbot_py_examples/build/lib
[1.186s] creating /Users/danitruc/bumperbot_ws/build/bumperbot_py_examples/build/lib/bumperbot_py_examples
[1.186s] copying bumperbot_py_examples/__init__.py -> /Users/danitruc/bumperbot_ws/build/bumperbot_py_examples/build/lib/bumperbot_py_examples
[1.186s] copying bumperbot_py_examples/simple_subscriber.py -> /Users/danitruc/bumperbot_ws/build/bumperbot_py_examples/build/lib/bumperbot_py_examples
[1.186s] copying bumperbot_py_examples/simple_publisher.py -> /Users/danitruc/bumperbot_ws/build/bumperbot_py_examples/build/lib/bumperbot_py_examples
[1.187s] copying bumperbot_py_examples/simple_parameter.py -> /Users/danitruc/bumperbot_ws/build/bumperbot_py_examples/build/lib/bumperbot_py_examples
[1.187s] copying bumperbot_py_examples/simple_turtlesim_kinematics.py -> /Users/danitruc/bumperbot_ws/build/bumperbot_py_examples/build/lib/bumperbot_py_examples
[1.188s] running install
[1.188s] running install_lib
[1.188s] creating /Users/danitruc/bumperbot_ws/install/bumperbot_py_examples/lib/python3.11/site-packages/bumperbot_py_examples
[1.188s] copying /Users/danitruc/bumperbot_ws/build/bumperbot_py_examples/build/lib/bumperbot_py_examples/__init__.py -> /Users/danitruc/bumperbot_ws/install/bumperbot_py_examples/lib/python3.11/site-packages/bumperbot_py_examples
[1.189s] copying /Users/danitruc/bumperbot_ws/build/bumperbot_py_examples/build/lib/bumperbot_py_examples/simple_subscriber.py -> /Users/danitruc/bumperbot_ws/install/bumperbot_py_examples/lib/python3.11/site-packages/bumperbot_py_examples
[1.189s] copying /Users/danitruc/bumperbot_ws/build/bumperbot_py_examples/build/lib/bumperbot_py_examples/simple_publisher.py -> /Users/danitruc/bumperbot_ws/install/bumperbot_py_examples/lib/python3.11/site-packages/bumperbot_py_examples
[1.189s] copying /Users/danitruc/bumperbot_ws/build/bumperbot_py_examples/build/lib/bumperbot_py_examples/simple_parameter.py -> /Users/danitruc/bumperbot_ws/install/bumperbot_py_examples/lib/python3.11/site-packages/bumperbot_py_examples
[1.189s] copying /Users/danitruc/bumperbot_ws/build/bumperbot_py_examples/build/lib/bumperbot_py_examples/simple_turtlesim_kinematics.py -> /Users/danitruc/bumperbot_ws/install/bumperbot_py_examples/lib/python3.11/site-packages/bumperbot_py_examples
[1.190s] byte-compiling /Users/danitruc/bumperbot_ws/install/bumperbot_py_examples/lib/python3.11/site-packages/bumperbot_py_examples/__init__.py to __init__.cpython-311.pyc
[1.190s] byte-compiling /Users/danitruc/bumperbot_ws/install/bumperbot_py_examples/lib/python3.11/site-packages/bumperbot_py_examples/simple_subscriber.py to simple_subscriber.cpython-311.pyc
[1.191s] byte-compiling /Users/danitruc/bumperbot_ws/install/bumperbot_py_examples/lib/python3.11/site-packages/bumperbot_py_examples/simple_publisher.py to simple_publisher.cpython-311.pyc
[1.191s] byte-compiling /Users/danitruc/bumperbot_ws/install/bumperbot_py_examples/lib/python3.11/site-packages/bumperbot_py_examples/simple_parameter.py to simple_parameter.cpython-311.pyc
[1.192s] byte-compiling /Users/danitruc/bumperbot_ws/install/bumperbot_py_examples/lib/python3.11/site-packages/bumperbot_py_examples/simple_turtlesim_kinematics.py to simple_turtlesim_kinematics.cpython-311.pyc
[1.192s] running install_data
[1.192s] copying resource/bumperbot_py_examples -> /Users/danitruc/bumperbot_ws/install/bumperbot_py_examples/share/ament_index/resource_index/packages
[1.193s] copying package.xml -> /Users/danitruc/bumperbot_ws/install/bumperbot_py_examples/share/bumperbot_py_examples
[1.193s] running install_egg_info
[1.194s] Copying ../../build/bumperbot_py_examples/bumperbot_py_examples.egg-info to /Users/danitruc/bumperbot_ws/install/bumperbot_py_examples/lib/python3.11/site-packages/bumperbot_py_examples-0.0.0-py3.11.egg-info
[1.196s] running install_scripts
[1.217s] Installing simple_parameter script to /Users/danitruc/bumperbot_ws/install/bumperbot_py_examples/lib/bumperbot_py_examples
[1.217s] Installing simple_publisher script to /Users/danitruc/bumperbot_ws/install/bumperbot_py_examples/lib/bumperbot_py_examples
[1.218s] Installing simple_subscriber script to /Users/danitruc/bumperbot_ws/install/bumperbot_py_examples/lib/bumperbot_py_examples
[1.218s] Installing simple_turtlesim_kinematics script to /Users/danitruc/bumperbot_ws/install/bumperbot_py_examples/lib/bumperbot_py_examples
[1.218s] writing list of installed files to '/Users/danitruc/bumperbot_ws/build/bumperbot_py_examples/install.log'
[1.238s] Invoked command in '/Users/danitruc/bumperbot_ws/src/bumperbot_py_examples' returned '0': PYTHONPATH=/Users/danitruc/bumperbot_ws/build/bumperbot_py_examples/prefix_override:/Users/danitruc/miniforge3/envs/ros2_env/lib/python3.11/site-packages/colcon_core/task/python/colcon_distutils_commands:/Users/danitruc/bumperbot_ws/install/bumperbot_py_examples/lib/python3.11/site-packages:${PYTHONPATH} SHLVL=2 _=/Users/danitruc/miniforge3/envs/ros2_env/bin/env __CF_USER_TEXT_ENCODING=0x1F5:0x0:0x0 /Users/danitruc/miniforge3/envs/ros2_env/bin/python3.11 -W ignore:setup.py install is deprecated setup.py egg_info --egg-base ../../build/bumperbot_py_examples build --build-base /Users/danitruc/bumperbot_ws/build/bumperbot_py_examples/build install --record /Users/danitruc/bumperbot_ws/build/bumperbot_py_examples/install.log --single-version-externally-managed install_data --force
