[0.020s] Invoking command in '/Users/danitruc/bumperbot_ws/build/bumperbot_controller': SHLVL=2 _=/Users/danitruc/miniforge3/envs/ros2_env/bin/env __CF_USER_TEXT_ENCODING=0x1F5:0x0:0x0 /Users/danitruc/miniforge3/envs/ros2_env/bin/cmake --build /Users/danitruc/bumperbot_ws/build/bumperbot_controller -- -j8 -l8
[0.170s] [  0%] Built target ament_cmake_python_symlink_bumperbot_controller
[0.188s] [100%] Built target simple_controller
[0.582s] running egg_info
[0.601s] writing bumperbot_controller.egg-info/PKG-INFO
[0.601s] writing dependency_links to bumperbot_controller.egg-info/dependency_links.txt
[0.602s] writing top-level names to bumperbot_controller.egg-info/top_level.txt
[0.655s] reading manifest file 'bumperbot_controller.egg-info/SOURCES.txt'
[0.656s] writing manifest file 'bumperbot_controller.egg-info/SOURCES.txt'
[0.689s] [100%] Built target ament_cmake_python_build_bumperbot_controller_egg
[0.705s] Invoked command in '/Users/danitruc/bumperbot_ws/build/bumperbot_controller' returned '0': SHLVL=2 _=/Users/danitruc/miniforge3/envs/ros2_env/bin/env __CF_USER_TEXT_ENCODING=0x1F5:0x0:0x0 /Users/danitruc/miniforge3/envs/ros2_env/bin/cmake --build /Users/danitruc/bumperbot_ws/build/bumperbot_controller -- -j8 -l8
[0.797s] Invoking command in '/Users/danitruc/bumperbot_ws/build/bumperbot_controller': SHLVL=2 _=/Users/danitruc/miniforge3/envs/ros2_env/bin/env __CF_USER_TEXT_ENCODING=0x1F5:0x0:0x0 /Users/danitruc/miniforge3/envs/ros2_env/bin/cmake --install /Users/danitruc/bumperbot_ws/build/bumperbot_controller
[0.812s] -- Install configuration: ""
[0.814s] -- Execute custom install script
[0.815s] -- Up-to-date symlink: /Users/danitruc/bumperbot_ws/install/bumperbot_controller/share/bumperbot_controller/environment/pythonpath.sh
[0.815s] -- Up-to-date symlink: /Users/danitruc/bumperbot_ws/install/bumperbot_controller/share/bumperbot_controller/environment/pythonpath.dsv
[0.816s] -- Up-to-date symlink: /Users/danitruc/bumperbot_ws/install/bumperbot_controller/../../../../../opt/homebrew/lib/python3.12/site-packages/bumperbot_controller-0.0.0-py3.12.egg-info/PKG-INFO
[0.816s] -- Up-to-date symlink: /Users/danitruc/bumperbot_ws/install/bumperbot_controller/../../../../../opt/homebrew/lib/python3.12/site-packages/bumperbot_controller-0.0.0-py3.12.egg-info/SOURCES.txt
[0.816s] -- Up-to-date symlink: /Users/danitruc/bumperbot_ws/install/bumperbot_controller/../../../../../opt/homebrew/lib/python3.12/site-packages/bumperbot_controller-0.0.0-py3.12.egg-info/dependency_links.txt
[0.817s] -- Up-to-date symlink: /Users/danitruc/bumperbot_ws/install/bumperbot_controller/../../../../../opt/homebrew/lib/python3.12/site-packages/bumperbot_controller-0.0.0-py3.12.egg-info/top_level.txt
[0.817s] -- Up-to-date symlink: /Users/danitruc/bumperbot_ws/install/bumperbot_controller/../../../../../opt/homebrew/lib/python3.12/site-packages/bumperbot_controller/__init__.py
[0.817s] -- Up-to-date symlink: /Users/danitruc/bumperbot_ws/install/bumperbot_controller/../../../../../opt/homebrew/lib/python3.12/site-packages/bumperbot_controller/simple_controller.py
[0.817s] -- Up-to-date symlink: /Users/danitruc/bumperbot_ws/install/bumperbot_controller/include/include/bumperbot_controller/simple_controller.hpp
[0.818s] -- Up-to-date symlink: /Users/danitruc/bumperbot_ws/install/bumperbot_controller/lib/bumperbot_controller/simple_controller
[0.818s] -- Up-to-date symlink: /Users/danitruc/bumperbot_ws/install/bumperbot_controller/share/bumperbot_controller/launch/controller.launch.py
[0.819s] -- Up-to-date symlink: /Users/danitruc/bumperbot_ws/install/bumperbot_controller/share/bumperbot_controller/launch/joystick_teleop.launch.py
[0.819s] -- Up-to-date symlink: /Users/danitruc/bumperbot_ws/install/bumperbot_controller/share/bumperbot_controller/config/bumperbot_controllers.yaml
[0.819s] -- Up-to-date symlink: /Users/danitruc/bumperbot_ws/install/bumperbot_controller/share/bumperbot_controller/config/joy_config.yaml
[0.819s] -- Up-to-date symlink: /Users/danitruc/bumperbot_ws/install/bumperbot_controller/share/bumperbot_controller/config/joy_teleop.yaml
[0.819s] -- Up-to-date symlink: /Users/danitruc/bumperbot_ws/install/bumperbot_controller/share/ament_index/resource_index/package_run_dependencies/bumperbot_controller
[0.820s] -- Up-to-date symlink: /Users/danitruc/bumperbot_ws/install/bumperbot_controller/share/ament_index/resource_index/parent_prefix_path/bumperbot_controller
[0.820s] -- Up-to-date symlink: /Users/danitruc/bumperbot_ws/install/bumperbot_controller/share/bumperbot_controller/environment/ament_prefix_path.sh
[0.820s] -- Up-to-date symlink: /Users/danitruc/bumperbot_ws/install/bumperbot_controller/share/bumperbot_controller/environment/ament_prefix_path.dsv
[0.821s] -- Up-to-date symlink: /Users/danitruc/bumperbot_ws/install/bumperbot_controller/share/bumperbot_controller/environment/path.sh
[0.821s] -- Up-to-date symlink: /Users/danitruc/bumperbot_ws/install/bumperbot_controller/share/bumperbot_controller/environment/path.dsv
[0.821s] -- Up-to-date symlink: /Users/danitruc/bumperbot_ws/install/bumperbot_controller/share/bumperbot_controller/local_setup.bash
[0.821s] -- Up-to-date symlink: /Users/danitruc/bumperbot_ws/install/bumperbot_controller/share/bumperbot_controller/local_setup.sh
[0.821s] -- Up-to-date symlink: /Users/danitruc/bumperbot_ws/install/bumperbot_controller/share/bumperbot_controller/local_setup.zsh
[0.822s] -- Up-to-date symlink: /Users/danitruc/bumperbot_ws/install/bumperbot_controller/share/bumperbot_controller/local_setup.dsv
[0.822s] -- Symlinking: /Users/danitruc/bumperbot_ws/install/bumperbot_controller/share/bumperbot_controller/package.dsv
[0.836s] -- Up-to-date symlink: /Users/danitruc/bumperbot_ws/install/bumperbot_controller/share/ament_index/resource_index/packages/bumperbot_controller
[0.837s] -- Up-to-date symlink: /Users/danitruc/bumperbot_ws/install/bumperbot_controller/share/bumperbot_controller/cmake/bumperbot_controllerConfig.cmake
[0.837s] -- Up-to-date symlink: /Users/danitruc/bumperbot_ws/install/bumperbot_controller/share/bumperbot_controller/cmake/bumperbot_controllerConfig-version.cmake
[0.837s] -- Up-to-date symlink: /Users/danitruc/bumperbot_ws/install/bumperbot_controller/share/bumperbot_controller/package.xml
[0.876s] Listing '../../../../../opt/homebrew/lib/python3.12/site-packages/bumperbot_controller'...
[0.881s] Invoked command in '/Users/danitruc/bumperbot_ws/build/bumperbot_controller' returned '0': SHLVL=2 _=/Users/danitruc/miniforge3/envs/ros2_env/bin/env __CF_USER_TEXT_ENCODING=0x1F5:0x0:0x0 /Users/danitruc/miniforge3/envs/ros2_env/bin/cmake --install /Users/danitruc/bumperbot_ws/build/bumperbot_controller
