[0.020s] Invoking command in '/Users/danitruc/bumperbot_ws/build/bumperbot_controller': SHLVL=2 _=/Users/danitruc/miniforge3/envs/ros2_env/bin/env __CF_USER_TEXT_ENCODING=0x1F5:0x0:0x0 /Users/danitruc/miniforge3/envs/ros2_env/bin/cmake --build /Users/danitruc/bumperbot_ws/build/bumperbot_controller -- -j8 -l8
[0.143s] -- Found ament_cmake: 1.3.7 (/Users/danitruc/miniforge3/envs/ros2_env/share/ament_cmake/cmake)
[0.483s] -- Override CMake install command with custom implementation using symlinks instead of copying resources
[0.512s] -- Found rclcpp: 16.0.8 (/Users/danitruc/miniforge3/envs/ros2_env/share/rclcpp/cmake)
[0.575s] -- Found rosidl_generator_c: 3.1.5 (/Users/danitruc/miniforge3/envs/ros2_env/share/rosidl_generator_c/cmake)
[0.579s] -- Found rosidl_adapter: 3.1.5 (/Users/danitruc/miniforge3/envs/ros2_env/share/rosidl_adapter/cmake)
[0.592s] -- Found rosidl_generator_cpp: 3.1.5 (/Users/danitruc/miniforge3/envs/ros2_env/share/rosidl_generator_cpp/cmake)
[0.613s] -- Using all available rosidl_typesupport_c: rosidl_typesupport_fastrtps_c;rosidl_typesupport_introspection_c
[0.640s] -- Using all available rosidl_typesupport_cpp: rosidl_typesupport_fastrtps_cpp;rosidl_typesupport_introspection_cpp
[0.828s] -- Found rmw_implementation_cmake: 6.1.1 (/Users/danitruc/miniforge3/envs/ros2_env/share/rmw_implementation_cmake/cmake)
[0.831s] -- Found rmw_cyclonedds_cpp: 1.3.4 (/Users/danitruc/miniforge3/envs/ros2_env/share/rmw_cyclonedds_cpp/cmake)
[0.883s] -- Using RMW implementation 'rmw_cyclonedds_cpp' as default
[1.033s] -- Found rclpy: 3.3.11 (/Users/danitruc/miniforge3/envs/ros2_env/share/rclpy/cmake)
[1.034s] -- Found geometry_msgs: 4.2.3 (/Users/danitruc/miniforge3/envs/ros2_env/share/geometry_msgs/cmake)
[1.353s] -- Configuring done (1.2s)
[1.409s] -- Generating done (0.0s)
[1.417s] -- Build files have been written to: /Users/danitruc/bumperbot_ws/build/bumperbot_controller
[1.494s] [  0%] Built target ament_cmake_python_symlink_bumperbot_controller
[1.520s] [100%] Built target simple_controller
[1.869s] running egg_info
[1.885s] writing bumperbot_controller.egg-info/PKG-INFO
[1.886s] writing dependency_links to bumperbot_controller.egg-info/dependency_links.txt
[1.886s] writing top-level names to bumperbot_controller.egg-info/top_level.txt
[1.939s] reading manifest file 'bumperbot_controller.egg-info/SOURCES.txt'
[1.940s] writing manifest file 'bumperbot_controller.egg-info/SOURCES.txt'
[1.973s] [100%] Built target ament_cmake_python_build_bumperbot_controller_egg
[1.989s] Invoked command in '/Users/danitruc/bumperbot_ws/build/bumperbot_controller' returned '0': SHLVL=2 _=/Users/danitruc/miniforge3/envs/ros2_env/bin/env __CF_USER_TEXT_ENCODING=0x1F5:0x0:0x0 /Users/danitruc/miniforge3/envs/ros2_env/bin/cmake --build /Users/danitruc/bumperbot_ws/build/bumperbot_controller -- -j8 -l8
[2.082s] Invoking command in '/Users/danitruc/bumperbot_ws/build/bumperbot_controller': SHLVL=2 _=/Users/danitruc/miniforge3/envs/ros2_env/bin/env __CF_USER_TEXT_ENCODING=0x1F5:0x0:0x0 /Users/danitruc/miniforge3/envs/ros2_env/bin/cmake --install /Users/danitruc/bumperbot_ws/build/bumperbot_controller
[2.095s] -- Install configuration: ""
[2.096s] -- Execute custom install script
[2.096s] -- Up-to-date symlink: /Users/danitruc/bumperbot_ws/install/bumperbot_controller/share/bumperbot_controller/environment/pythonpath.sh
[2.096s] -- Up-to-date symlink: /Users/danitruc/bumperbot_ws/install/bumperbot_controller/share/bumperbot_controller/environment/pythonpath.dsv
[2.097s] -- Up-to-date symlink: /Users/danitruc/bumperbot_ws/install/bumperbot_controller/../../../../../opt/homebrew/lib/python3.12/site-packages/bumperbot_controller-0.0.0-py3.12.egg-info/PKG-INFO
[2.097s] -- Up-to-date symlink: /Users/danitruc/bumperbot_ws/install/bumperbot_controller/../../../../../opt/homebrew/lib/python3.12/site-packages/bumperbot_controller-0.0.0-py3.12.egg-info/SOURCES.txt
[2.097s] -- Up-to-date symlink: /Users/danitruc/bumperbot_ws/install/bumperbot_controller/../../../../../opt/homebrew/lib/python3.12/site-packages/bumperbot_controller-0.0.0-py3.12.egg-info/dependency_links.txt
[2.097s] -- Up-to-date symlink: /Users/danitruc/bumperbot_ws/install/bumperbot_controller/../../../../../opt/homebrew/lib/python3.12/site-packages/bumperbot_controller-0.0.0-py3.12.egg-info/top_level.txt
[2.098s] -- Up-to-date symlink: /Users/danitruc/bumperbot_ws/install/bumperbot_controller/../../../../../opt/homebrew/lib/python3.12/site-packages/bumperbot_controller/__init__.py
[2.098s] -- Up-to-date symlink: /Users/danitruc/bumperbot_ws/install/bumperbot_controller/../../../../../opt/homebrew/lib/python3.12/site-packages/bumperbot_controller/simple_controller.py
[2.098s] -- Up-to-date symlink: /Users/danitruc/bumperbot_ws/install/bumperbot_controller/include/include/bumperbot_controller/simple_controller.hpp
[2.098s] -- Up-to-date symlink: /Users/danitruc/bumperbot_ws/install/bumperbot_controller/lib/bumperbot_controller/simple_controller
[2.099s] -- Up-to-date symlink: /Users/danitruc/bumperbot_ws/install/bumperbot_controller/share/bumperbot_controller/launch/controller.launch.py
[2.099s] -- Up-to-date symlink: /Users/danitruc/bumperbot_ws/install/bumperbot_controller/share/bumperbot_controller/launch/joystick_teleop.launch.py
[2.099s] -- Up-to-date symlink: /Users/danitruc/bumperbot_ws/install/bumperbot_controller/share/bumperbot_controller/config/bumperbot_controllers.yaml
[2.099s] -- Up-to-date symlink: /Users/danitruc/bumperbot_ws/install/bumperbot_controller/share/bumperbot_controller/config/joy_config.yaml
[2.099s] -- Up-to-date symlink: /Users/danitruc/bumperbot_ws/install/bumperbot_controller/share/bumperbot_controller/config/joy_teleop.yaml
[2.100s] -- Symlinking: /Users/danitruc/bumperbot_ws/install/bumperbot_controller/lib/bumperbot_controller/simple_controller.py
[2.114s] -- Up-to-date symlink: /Users/danitruc/bumperbot_ws/install/bumperbot_controller/share/ament_index/resource_index/package_run_dependencies/bumperbot_controller
[2.114s] -- Up-to-date symlink: /Users/danitruc/bumperbot_ws/install/bumperbot_controller/share/ament_index/resource_index/parent_prefix_path/bumperbot_controller
[2.115s] -- Up-to-date symlink: /Users/danitruc/bumperbot_ws/install/bumperbot_controller/share/bumperbot_controller/environment/ament_prefix_path.sh
[2.115s] -- Up-to-date symlink: /Users/danitruc/bumperbot_ws/install/bumperbot_controller/share/bumperbot_controller/environment/ament_prefix_path.dsv
[2.115s] -- Up-to-date symlink: /Users/danitruc/bumperbot_ws/install/bumperbot_controller/share/bumperbot_controller/environment/path.sh
[2.116s] -- Up-to-date symlink: /Users/danitruc/bumperbot_ws/install/bumperbot_controller/share/bumperbot_controller/environment/path.dsv
[2.116s] -- Up-to-date symlink: /Users/danitruc/bumperbot_ws/install/bumperbot_controller/share/bumperbot_controller/local_setup.bash
[2.116s] -- Up-to-date symlink: /Users/danitruc/bumperbot_ws/install/bumperbot_controller/share/bumperbot_controller/local_setup.sh
[2.116s] -- Up-to-date symlink: /Users/danitruc/bumperbot_ws/install/bumperbot_controller/share/bumperbot_controller/local_setup.zsh
[2.116s] -- Up-to-date symlink: /Users/danitruc/bumperbot_ws/install/bumperbot_controller/share/bumperbot_controller/local_setup.dsv
[2.117s] -- Symlinking: /Users/danitruc/bumperbot_ws/install/bumperbot_controller/share/bumperbot_controller/package.dsv
[2.131s] -- Up-to-date symlink: /Users/danitruc/bumperbot_ws/install/bumperbot_controller/share/ament_index/resource_index/packages/bumperbot_controller
[2.131s] -- Up-to-date symlink: /Users/danitruc/bumperbot_ws/install/bumperbot_controller/share/bumperbot_controller/cmake/bumperbot_controllerConfig.cmake
[2.131s] -- Up-to-date symlink: /Users/danitruc/bumperbot_ws/install/bumperbot_controller/share/bumperbot_controller/cmake/bumperbot_controllerConfig-version.cmake
[2.132s] -- Up-to-date symlink: /Users/danitruc/bumperbot_ws/install/bumperbot_controller/share/bumperbot_controller/package.xml
[2.170s] Listing '../../../../../opt/homebrew/lib/python3.12/site-packages/bumperbot_controller'...
[2.175s] Invoked command in '/Users/danitruc/bumperbot_ws/build/bumperbot_controller' returned '0': SHLVL=2 _=/Users/danitruc/miniforge3/envs/ros2_env/bin/env __CF_USER_TEXT_ENCODING=0x1F5:0x0:0x0 /Users/danitruc/miniforge3/envs/ros2_env/bin/cmake --install /Users/danitruc/bumperbot_ws/build/bumperbot_controller
